ERROR - 2024-07-02 09:11:49 --> Error connecting to the database: mysqli_sql_exception: Unknown database 'ecommercedb' in C:\Users\marclain\Downloads\framework-4.4.8\framework-4.4.8\system\Database\MySQLi\Connection.php:184
Stack trace:
#0 C:\Users\marclain\Downloads\framework-4.4.8\framework-4.4.8\system\Database\MySQLi\Connection.php(184): mysqli->real_connect('localhost', 'root', Object(SensitiveParameterValue), 'ecommercedb', 3306, '', 0)
#1 C:\Users\marclain\Downloads\framework-4.4.8\framework-4.4.8\system\Database\BaseConnection.php(392): CodeIgniter\Database\MySQLi\Connection->connect(false)
#2 C:\Users\marclain\Downloads\framework-4.4.8\framework-4.4.8\system\Database\BaseConnection.php(575): CodeIgniter\Database\BaseConnection->initialize()
#3 C:\Users\marclain\Downloads\framework-4.4.8\framework-4.4.8\system\Database\BaseConnection.php(1410): CodeIgniter\Database\BaseConnection->query('SHOW TABLES FRO...')
#4 C:\Users\marclain\Downloads\framework-4.4.8\framework-4.4.8\system\Database\BaseConnection.php(1429): CodeIgniter\Database\BaseConnection->listTables()
#5 C:\Users\marclain\Downloads\framework-4.4.8\framework-4.4.8\system\Database\MigrationRunner.php(757): CodeIgniter\Database\BaseConnection->tableExists('migrations')
#6 C:\Users\marclain\Downloads\framework-4.4.8\framework-4.4.8\system\Database\MigrationRunner.php(161): CodeIgniter\Database\MigrationRunner->ensureTable()
#7 C:\Users\marclain\Downloads\framework-4.4.8\framework-4.4.8\system\Commands\Database\Migrate.php(84): CodeIgniter\Database\MigrationRunner->latest(NULL)
#8 C:\Users\marclain\Downloads\framework-4.4.8\framework-4.4.8\system\CLI\Commands.php(65): CodeIgniter\Commands\Database\Migrate->run(Array)
#9 C:\Users\marclain\Downloads\framework-4.4.8\framework-4.4.8\system\CLI\Console.php(46): CodeIgniter\CLI\Commands->run('migrate', Array)
#10 C:\Users\marclain\Downloads\framework-4.4.8\framework-4.4.8\spark(102): CodeIgniter\CLI\Console->run()
#11 {main}

Next CodeIgniter\Database\Exceptions\DatabaseException: Unknown database 'ecommercedb' in C:\Users\marclain\Downloads\framework-4.4.8\framework-4.4.8\system\Database\MySQLi\Connection.php:229
Stack trace:
#0 C:\Users\marclain\Downloads\framework-4.4.8\framework-4.4.8\system\Database\BaseConnection.php(392): CodeIgniter\Database\MySQLi\Connection->connect(false)
#1 C:\Users\marclain\Downloads\framework-4.4.8\framework-4.4.8\system\Database\BaseConnection.php(575): CodeIgniter\Database\BaseConnection->initialize()
#2 C:\Users\marclain\Downloads\framework-4.4.8\framework-4.4.8\system\Database\BaseConnection.php(1410): CodeIgniter\Database\BaseConnection->query('SHOW TABLES FRO...')
#3 C:\Users\marclain\Downloads\framework-4.4.8\framework-4.4.8\system\Database\BaseConnection.php(1429): CodeIgniter\Database\BaseConnection->listTables()
#4 C:\Users\marclain\Downloads\framework-4.4.8\framework-4.4.8\system\Database\MigrationRunner.php(757): CodeIgniter\Database\BaseConnection->tableExists('migrations')
#5 C:\Users\marclain\Downloads\framework-4.4.8\framework-4.4.8\system\Database\MigrationRunner.php(161): CodeIgniter\Database\MigrationRunner->ensureTable()
#6 C:\Users\marclain\Downloads\framework-4.4.8\framework-4.4.8\system\Commands\Database\Migrate.php(84): CodeIgniter\Database\MigrationRunner->latest(NULL)
#7 C:\Users\marclain\Downloads\framework-4.4.8\framework-4.4.8\system\CLI\Commands.php(65): CodeIgniter\Commands\Database\Migrate->run(Array)
#8 C:\Users\marclain\Downloads\framework-4.4.8\framework-4.4.8\system\CLI\Console.php(46): CodeIgniter\CLI\Commands->run('migrate', Array)
#9 C:\Users\marclain\Downloads\framework-4.4.8\framework-4.4.8\spark(102): CodeIgniter\CLI\Console->run()
#10 {main}
ERROR - 2024-07-02 09:17:38 --> Error connecting to the database: mysqli_sql_exception: Unknown database 'ecommercedb' in C:\Users\marclain\Downloads\framework-4.4.8\framework-4.4.8\system\Database\MySQLi\Connection.php:184
Stack trace:
#0 C:\Users\marclain\Downloads\framework-4.4.8\framework-4.4.8\system\Database\MySQLi\Connection.php(184): mysqli->real_connect('localhost', 'root', Object(SensitiveParameterValue), 'ecommercedb', 3306, '', 0)
#1 C:\Users\marclain\Downloads\framework-4.4.8\framework-4.4.8\system\Database\BaseConnection.php(392): CodeIgniter\Database\MySQLi\Connection->connect(false)
#2 C:\Users\marclain\Downloads\framework-4.4.8\framework-4.4.8\system\Database\BaseConnection.php(575): CodeIgniter\Database\BaseConnection->initialize()
#3 C:\Users\marclain\Downloads\framework-4.4.8\framework-4.4.8\system\Database\BaseConnection.php(1410): CodeIgniter\Database\BaseConnection->query('SHOW TABLES FRO...')
#4 C:\Users\marclain\Downloads\framework-4.4.8\framework-4.4.8\system\Database\BaseConnection.php(1429): CodeIgniter\Database\BaseConnection->listTables()
#5 C:\Users\marclain\Downloads\framework-4.4.8\framework-4.4.8\system\Database\MigrationRunner.php(757): CodeIgniter\Database\BaseConnection->tableExists('migrations')
#6 C:\Users\marclain\Downloads\framework-4.4.8\framework-4.4.8\system\Database\MigrationRunner.php(161): CodeIgniter\Database\MigrationRunner->ensureTable()
#7 C:\Users\marclain\Downloads\framework-4.4.8\framework-4.4.8\system\Commands\Database\Migrate.php(84): CodeIgniter\Database\MigrationRunner->latest(NULL)
#8 C:\Users\marclain\Downloads\framework-4.4.8\framework-4.4.8\system\CLI\Commands.php(65): CodeIgniter\Commands\Database\Migrate->run(Array)
#9 C:\Users\marclain\Downloads\framework-4.4.8\framework-4.4.8\system\CLI\Console.php(46): CodeIgniter\CLI\Commands->run('migrate', Array)
#10 C:\Users\marclain\Downloads\framework-4.4.8\framework-4.4.8\spark(102): CodeIgniter\CLI\Console->run()
#11 {main}

Next CodeIgniter\Database\Exceptions\DatabaseException: Unknown database 'ecommercedb' in C:\Users\marclain\Downloads\framework-4.4.8\framework-4.4.8\system\Database\MySQLi\Connection.php:229
Stack trace:
#0 C:\Users\marclain\Downloads\framework-4.4.8\framework-4.4.8\system\Database\BaseConnection.php(392): CodeIgniter\Database\MySQLi\Connection->connect(false)
#1 C:\Users\marclain\Downloads\framework-4.4.8\framework-4.4.8\system\Database\BaseConnection.php(575): CodeIgniter\Database\BaseConnection->initialize()
#2 C:\Users\marclain\Downloads\framework-4.4.8\framework-4.4.8\system\Database\BaseConnection.php(1410): CodeIgniter\Database\BaseConnection->query('SHOW TABLES FRO...')
#3 C:\Users\marclain\Downloads\framework-4.4.8\framework-4.4.8\system\Database\BaseConnection.php(1429): CodeIgniter\Database\BaseConnection->listTables()
#4 C:\Users\marclain\Downloads\framework-4.4.8\framework-4.4.8\system\Database\MigrationRunner.php(757): CodeIgniter\Database\BaseConnection->tableExists('migrations')
#5 C:\Users\marclain\Downloads\framework-4.4.8\framework-4.4.8\system\Database\MigrationRunner.php(161): CodeIgniter\Database\MigrationRunner->ensureTable()
#6 C:\Users\marclain\Downloads\framework-4.4.8\framework-4.4.8\system\Commands\Database\Migrate.php(84): CodeIgniter\Database\MigrationRunner->latest(NULL)
#7 C:\Users\marclain\Downloads\framework-4.4.8\framework-4.4.8\system\CLI\Commands.php(65): CodeIgniter\Commands\Database\Migrate->run(Array)
#8 C:\Users\marclain\Downloads\framework-4.4.8\framework-4.4.8\system\CLI\Console.php(46): CodeIgniter\CLI\Commands->run('migrate', Array)
#9 C:\Users\marclain\Downloads\framework-4.4.8\framework-4.4.8\spark(102): CodeIgniter\CLI\Console->run()
#10 {main}
ERROR - 2024-07-02 10:50:59 --> Error connecting to the database: mysqli_sql_exception: Unknown database 'ecommercedb' in C:\Users\marclain\Downloads\shofixfinal\framework-4.4.8\system\Database\MySQLi\Connection.php:185
Stack trace:
#0 C:\Users\marclain\Downloads\shofixfinal\framework-4.4.8\system\Database\MySQLi\Connection.php(185): mysqli->real_connect('localhost', 'root', '', 'ecommercedb', 3306, '', 0)
#1 C:\Users\marclain\Downloads\shofixfinal\framework-4.4.8\system\Database\BaseConnection.php(392): CodeIgniter\Database\MySQLi\Connection->connect(false)
#2 C:\Users\marclain\Downloads\shofixfinal\framework-4.4.8\system\Database\BaseConnection.php(575): CodeIgniter\Database\BaseConnection->initialize()
#3 C:\Users\marclain\Downloads\shofixfinal\framework-4.4.8\system\Database\BaseConnection.php(1410): CodeIgniter\Database\BaseConnection->query('SHOW TABLES FRO...')
#4 C:\Users\marclain\Downloads\shofixfinal\framework-4.4.8\system\Database\BaseConnection.php(1429): CodeIgniter\Database\BaseConnection->listTables()
#5 C:\Users\marclain\Downloads\shofixfinal\framework-4.4.8\system\Database\MigrationRunner.php(757): CodeIgniter\Database\BaseConnection->tableExists('migrations')
#6 C:\Users\marclain\Downloads\shofixfinal\framework-4.4.8\system\Database\MigrationRunner.php(161): CodeIgniter\Database\MigrationRunner->ensureTable()
#7 C:\Users\marclain\Downloads\shofixfinal\framework-4.4.8\system\Commands\Database\Migrate.php(84): CodeIgniter\Database\MigrationRunner->latest(NULL)
#8 C:\Users\marclain\Downloads\shofixfinal\framework-4.4.8\system\CLI\Commands.php(65): CodeIgniter\Commands\Database\Migrate->run(Array)
#9 C:\Users\marclain\Downloads\shofixfinal\framework-4.4.8\system\CLI\Console.php(46): CodeIgniter\CLI\Commands->run('migrate', Array)
#10 C:\Users\marclain\Downloads\shofixfinal\framework-4.4.8\spark(102): CodeIgniter\CLI\Console->run()
#11 {main}

Next CodeIgniter\Database\Exceptions\DatabaseException: Unknown database 'ecommercedb' in C:\Users\marclain\Downloads\shofixfinal\framework-4.4.8\system\Database\MySQLi\Connection.php:229
Stack trace:
#0 C:\Users\marclain\Downloads\shofixfinal\framework-4.4.8\system\Database\BaseConnection.php(392): CodeIgniter\Database\MySQLi\Connection->connect(false)
#1 C:\Users\marclain\Downloads\shofixfinal\framework-4.4.8\system\Database\BaseConnection.php(575): CodeIgniter\Database\BaseConnection->initialize()
#2 C:\Users\marclain\Downloads\shofixfinal\framework-4.4.8\system\Database\BaseConnection.php(1410): CodeIgniter\Database\BaseConnection->query('SHOW TABLES FRO...')
#3 C:\Users\marclain\Downloads\shofixfinal\framework-4.4.8\system\Database\BaseConnection.php(1429): CodeIgniter\Database\BaseConnection->listTables()
#4 C:\Users\marclain\Downloads\shofixfinal\framework-4.4.8\system\Database\MigrationRunner.php(757): CodeIgniter\Database\BaseConnection->tableExists('migrations')
#5 C:\Users\marclain\Downloads\shofixfinal\framework-4.4.8\system\Database\MigrationRunner.php(161): CodeIgniter\Database\MigrationRunner->ensureTable()
#6 C:\Users\marclain\Downloads\shofixfinal\framework-4.4.8\system\Commands\Database\Migrate.php(84): CodeIgniter\Database\MigrationRunner->latest(NULL)
#7 C:\Users\marclain\Downloads\shofixfinal\framework-4.4.8\system\CLI\Commands.php(65): CodeIgniter\Commands\Database\Migrate->run(Array)
#8 C:\Users\marclain\Downloads\shofixfinal\framework-4.4.8\system\CLI\Console.php(46): CodeIgniter\CLI\Commands->run('migrate', Array)
#9 C:\Users\marclain\Downloads\shofixfinal\framework-4.4.8\spark(102): CodeIgniter\CLI\Console->run()
#10 {main}
ERROR - 2024-07-02 11:18:54 --> Error connecting to the database: mysqli_sql_exception: Unknown database 'ecommercedb' in C:\Users\marclain\Downloads\shofixfinal\framework-4.4.8\system\Database\MySQLi\Connection.php:185
Stack trace:
#0 C:\Users\marclain\Downloads\shofixfinal\framework-4.4.8\system\Database\MySQLi\Connection.php(185): mysqli->real_connect('localhost', 'root', '', 'ecommercedb', 3306, '', 0)
#1 C:\Users\marclain\Downloads\shofixfinal\framework-4.4.8\system\Database\BaseConnection.php(392): CodeIgniter\Database\MySQLi\Connection->connect(false)
#2 C:\Users\marclain\Downloads\shofixfinal\framework-4.4.8\system\Database\BaseConnection.php(575): CodeIgniter\Database\BaseConnection->initialize()
#3 C:\Users\marclain\Downloads\shofixfinal\framework-4.4.8\system\Database\BaseConnection.php(1410): CodeIgniter\Database\BaseConnection->query('SHOW TABLES FRO...')
#4 C:\Users\marclain\Downloads\shofixfinal\framework-4.4.8\system\Database\BaseConnection.php(1429): CodeIgniter\Database\BaseConnection->listTables()
#5 C:\Users\marclain\Downloads\shofixfinal\framework-4.4.8\system\Database\MigrationRunner.php(757): CodeIgniter\Database\BaseConnection->tableExists('migrations')
#6 C:\Users\marclain\Downloads\shofixfinal\framework-4.4.8\system\Database\MigrationRunner.php(161): CodeIgniter\Database\MigrationRunner->ensureTable()
#7 C:\Users\marclain\Downloads\shofixfinal\framework-4.4.8\system\Commands\Database\Migrate.php(84): CodeIgniter\Database\MigrationRunner->latest(NULL)
#8 C:\Users\marclain\Downloads\shofixfinal\framework-4.4.8\system\CLI\Commands.php(65): CodeIgniter\Commands\Database\Migrate->run(Array)
#9 C:\Users\marclain\Downloads\shofixfinal\framework-4.4.8\system\CLI\Console.php(46): CodeIgniter\CLI\Commands->run('migrate', Array)
#10 C:\Users\marclain\Downloads\shofixfinal\framework-4.4.8\spark(102): CodeIgniter\CLI\Console->run()
#11 {main}

Next CodeIgniter\Database\Exceptions\DatabaseException: Unknown database 'ecommercedb' in C:\Users\marclain\Downloads\shofixfinal\framework-4.4.8\system\Database\MySQLi\Connection.php:229
Stack trace:
#0 C:\Users\marclain\Downloads\shofixfinal\framework-4.4.8\system\Database\BaseConnection.php(392): CodeIgniter\Database\MySQLi\Connection->connect(false)
#1 C:\Users\marclain\Downloads\shofixfinal\framework-4.4.8\system\Database\BaseConnection.php(575): CodeIgniter\Database\BaseConnection->initialize()
#2 C:\Users\marclain\Downloads\shofixfinal\framework-4.4.8\system\Database\BaseConnection.php(1410): CodeIgniter\Database\BaseConnection->query('SHOW TABLES FRO...')
#3 C:\Users\marclain\Downloads\shofixfinal\framework-4.4.8\system\Database\BaseConnection.php(1429): CodeIgniter\Database\BaseConnection->listTables()
#4 C:\Users\marclain\Downloads\shofixfinal\framework-4.4.8\system\Database\MigrationRunner.php(757): CodeIgniter\Database\BaseConnection->tableExists('migrations')
#5 C:\Users\marclain\Downloads\shofixfinal\framework-4.4.8\system\Database\MigrationRunner.php(161): CodeIgniter\Database\MigrationRunner->ensureTable()
#6 C:\Users\marclain\Downloads\shofixfinal\framework-4.4.8\system\Commands\Database\Migrate.php(84): CodeIgniter\Database\MigrationRunner->latest(NULL)
#7 C:\Users\marclain\Downloads\shofixfinal\framework-4.4.8\system\CLI\Commands.php(65): CodeIgniter\Commands\Database\Migrate->run(Array)
#8 C:\Users\marclain\Downloads\shofixfinal\framework-4.4.8\system\CLI\Console.php(46): CodeIgniter\CLI\Commands->run('migrate', Array)
#9 C:\Users\marclain\Downloads\shofixfinal\framework-4.4.8\spark(102): CodeIgniter\CLI\Console->run()
#10 {main}
ERROR - 2024-07-02 11:20:47 --> mysqli_sql_exception: You have an error in your SQL syntax; check the manual that corresponds to your MariaDB server version for the right syntax to use near 'NOT NULL,
	`Firstname` VARCHAR NOT NULL,
	`lastname` VARCHAR NOT NULL,
	CONST...' at line 5 in C:\Users\marclain\Downloads\shofixfinal\framework-4.4.8\system\Database\MySQLi\Connection.php:306
Stack trace:
#0 C:\Users\marclain\Downloads\shofixfinal\framework-4.4.8\system\Database\MySQLi\Connection.php(306): mysqli->query('CREATE TABLE `U...', 0)
#1 C:\Users\marclain\Downloads\shofixfinal\framework-4.4.8\system\Database\BaseConnection.php(693): CodeIgniter\Database\MySQLi\Connection->execute('CREATE TABLE `U...')
#2 C:\Users\marclain\Downloads\shofixfinal\framework-4.4.8\system\Database\BaseConnection.php(607): CodeIgniter\Database\BaseConnection->simpleQuery('CREATE TABLE `U...')
#3 C:\Users\marclain\Downloads\shofixfinal\framework-4.4.8\system\Database\Forge.php(555): CodeIgniter\Database\BaseConnection->query('CREATE TABLE `U...')
#4 C:\Users\marclain\Downloads\shofixfinal\framework-4.4.8\app\Database\Migrations\2024-06-19-082133_Inventory.php(41): CodeIgniter\Database\Forge->createTable('Users')
#5 C:\Users\marclain\Downloads\shofixfinal\framework-4.4.8\system\Database\MigrationRunner.php(865): App\Database\Migrations\Inventory->up()
#6 C:\Users\marclain\Downloads\shofixfinal\framework-4.4.8\system\Database\MigrationRunner.php(181): CodeIgniter\Database\MigrationRunner->migrate('up', Object(stdClass))
#7 C:\Users\marclain\Downloads\shofixfinal\framework-4.4.8\system\Commands\Database\Migrate.php(84): CodeIgniter\Database\MigrationRunner->latest(NULL)
#8 C:\Users\marclain\Downloads\shofixfinal\framework-4.4.8\system\CLI\Commands.php(65): CodeIgniter\Commands\Database\Migrate->run(Array)
#9 C:\Users\marclain\Downloads\shofixfinal\framework-4.4.8\system\CLI\Console.php(46): CodeIgniter\CLI\Commands->run('migrate', Array)
#10 C:\Users\marclain\Downloads\shofixfinal\framework-4.4.8\spark(102): CodeIgniter\CLI\Console->run()
#11 {main}
CRITICAL - 2024-07-02 11:35:12 --> ErrorException: Cannot declare class App\Database\Migrations\Inventory, because the name is already in use
in APPPATH\Database\Migrations\2024-06-26-001643_Inventory.php on line 7.
 1 [internal function]: CodeIgniter\Debug\Exceptions->shutdownHandler()
CRITICAL - 2024-07-02 11:36:17 --> ErrorException: Cannot declare class App\Database\Migrations\Inventory, because the name is already in use
in APPPATH\Database\Migrations\2024-06-26-001643_Inventory.php on line 7.
 1 [internal function]: CodeIgniter\Debug\Exceptions->shutdownHandler()
CRITICAL - 2024-07-02 11:38:13 --> ErrorException: Cannot declare class App\Database\Migrations\Inventory, because the name is already in use
in APPPATH\Database\Migrations\2024-06-26-001643_Inventory.php on line 7.
 1 [internal function]: CodeIgniter\Debug\Exceptions->shutdownHandler()
CRITICAL - 2024-07-02 11:43:07 --> ErrorException: Cannot declare class App\Database\Migrations\Ecommers, because the name is already in use
in APPPATH\Database\Migrations\2024-07-02-114037_Ecommers.php on line 7.
 1 [internal function]: CodeIgniter\Debug\Exceptions->shutdownHandler()
ERROR - 2024-07-02 11:48:16 --> mysqli_sql_exception: Table 'users' already exists in C:\Users\marclain\Downloads\shofixfinal\framework-4.4.8\system\Database\MySQLi\Connection.php:306
Stack trace:
#0 C:\Users\marclain\Downloads\shofixfinal\framework-4.4.8\system\Database\MySQLi\Connection.php(306): mysqli->query('CREATE TABLE `U...', 0)
#1 C:\Users\marclain\Downloads\shofixfinal\framework-4.4.8\system\Database\BaseConnection.php(693): CodeIgniter\Database\MySQLi\Connection->execute('CREATE TABLE `U...')
#2 C:\Users\marclain\Downloads\shofixfinal\framework-4.4.8\system\Database\BaseConnection.php(607): CodeIgniter\Database\BaseConnection->simpleQuery('CREATE TABLE `U...')
#3 C:\Users\marclain\Downloads\shofixfinal\framework-4.4.8\system\Database\Forge.php(555): CodeIgniter\Database\BaseConnection->query('CREATE TABLE `U...')
#4 C:\Users\marclain\Downloads\shofixfinal\framework-4.4.8\app\Database\Migrations\2024-06-19-082133_Inventory.php(46): CodeIgniter\Database\Forge->createTable('Users')
#5 C:\Users\marclain\Downloads\shofixfinal\framework-4.4.8\system\Database\MigrationRunner.php(865): App\Database\Migrations\Inventory->up()
#6 C:\Users\marclain\Downloads\shofixfinal\framework-4.4.8\system\Database\MigrationRunner.php(181): CodeIgniter\Database\MigrationRunner->migrate('up', Object(stdClass))
#7 C:\Users\marclain\Downloads\shofixfinal\framework-4.4.8\system\Commands\Database\Migrate.php(84): CodeIgniter\Database\MigrationRunner->latest(NULL)
#8 C:\Users\marclain\Downloads\shofixfinal\framework-4.4.8\system\CLI\Commands.php(65): CodeIgniter\Commands\Database\Migrate->run(Array)
#9 C:\Users\marclain\Downloads\shofixfinal\framework-4.4.8\system\CLI\Console.php(46): CodeIgniter\CLI\Commands->run('migrate', Array)
#10 C:\Users\marclain\Downloads\shofixfinal\framework-4.4.8\spark(102): CodeIgniter\CLI\Console->run()
#11 {main}
ERROR - 2024-07-02 11:49:01 --> mysqli_sql_exception: Table 'users' already exists in C:\Users\marclain\Downloads\shofixfinal\framework-4.4.8\system\Database\MySQLi\Connection.php:306
Stack trace:
#0 C:\Users\marclain\Downloads\shofixfinal\framework-4.4.8\system\Database\MySQLi\Connection.php(306): mysqli->query('CREATE TABLE `U...', 0)
#1 C:\Users\marclain\Downloads\shofixfinal\framework-4.4.8\system\Database\BaseConnection.php(693): CodeIgniter\Database\MySQLi\Connection->execute('CREATE TABLE `U...')
#2 C:\Users\marclain\Downloads\shofixfinal\framework-4.4.8\system\Database\BaseConnection.php(607): CodeIgniter\Database\BaseConnection->simpleQuery('CREATE TABLE `U...')
#3 C:\Users\marclain\Downloads\shofixfinal\framework-4.4.8\system\Database\Forge.php(555): CodeIgniter\Database\BaseConnection->query('CREATE TABLE `U...')
#4 C:\Users\marclain\Downloads\shofixfinal\framework-4.4.8\app\Database\Migrations\2024-06-19-082133_Inventory.php(46): CodeIgniter\Database\Forge->createTable('Users')
#5 C:\Users\marclain\Downloads\shofixfinal\framework-4.4.8\system\Database\MigrationRunner.php(865): App\Database\Migrations\Inventory->up()
#6 C:\Users\marclain\Downloads\shofixfinal\framework-4.4.8\system\Database\MigrationRunner.php(181): CodeIgniter\Database\MigrationRunner->migrate('up', Object(stdClass))
#7 C:\Users\marclain\Downloads\shofixfinal\framework-4.4.8\system\Commands\Database\Migrate.php(84): CodeIgniter\Database\MigrationRunner->latest(NULL)
#8 C:\Users\marclain\Downloads\shofixfinal\framework-4.4.8\system\CLI\Commands.php(65): CodeIgniter\Commands\Database\Migrate->run(Array)
#9 C:\Users\marclain\Downloads\shofixfinal\framework-4.4.8\system\CLI\Console.php(46): CodeIgniter\CLI\Commands->run('migrate', Array)
#10 C:\Users\marclain\Downloads\shofixfinal\framework-4.4.8\spark(102): CodeIgniter\CLI\Console->run()
#11 {main}
ERROR - 2024-07-02 11:50:05 --> mysqli_sql_exception: Table 'users' already exists in C:\Users\marclain\Downloads\shofixfinal\framework-4.4.8\system\Database\MySQLi\Connection.php:306
Stack trace:
#0 C:\Users\marclain\Downloads\shofixfinal\framework-4.4.8\system\Database\MySQLi\Connection.php(306): mysqli->query('CREATE TABLE `U...', 0)
#1 C:\Users\marclain\Downloads\shofixfinal\framework-4.4.8\system\Database\BaseConnection.php(693): CodeIgniter\Database\MySQLi\Connection->execute('CREATE TABLE `U...')
#2 C:\Users\marclain\Downloads\shofixfinal\framework-4.4.8\system\Database\BaseConnection.php(607): CodeIgniter\Database\BaseConnection->simpleQuery('CREATE TABLE `U...')
#3 C:\Users\marclain\Downloads\shofixfinal\framework-4.4.8\system\Database\Forge.php(555): CodeIgniter\Database\BaseConnection->query('CREATE TABLE `U...')
#4 C:\Users\marclain\Downloads\shofixfinal\framework-4.4.8\app\Database\Migrations\2024-06-19-082133_Inventory.php(46): CodeIgniter\Database\Forge->createTable('Users')
#5 C:\Users\marclain\Downloads\shofixfinal\framework-4.4.8\system\Database\MigrationRunner.php(865): App\Database\Migrations\Inventory->up()
#6 C:\Users\marclain\Downloads\shofixfinal\framework-4.4.8\system\Database\MigrationRunner.php(181): CodeIgniter\Database\MigrationRunner->migrate('up', Object(stdClass))
#7 C:\Users\marclain\Downloads\shofixfinal\framework-4.4.8\system\Commands\Database\Migrate.php(84): CodeIgniter\Database\MigrationRunner->latest(NULL)
#8 C:\Users\marclain\Downloads\shofixfinal\framework-4.4.8\system\CLI\Commands.php(65): CodeIgniter\Commands\Database\Migrate->run(Array)
#9 C:\Users\marclain\Downloads\shofixfinal\framework-4.4.8\system\CLI\Console.php(46): CodeIgniter\CLI\Commands->run('migrate', Array)
#10 C:\Users\marclain\Downloads\shofixfinal\framework-4.4.8\spark(102): CodeIgniter\CLI\Console->run()
#11 {main}
ERROR - 2024-07-02 11:50:56 --> mysqli_sql_exception: Table 'users' already exists in C:\Users\marclain\Downloads\shofixfinal\framework-4.4.8\system\Database\MySQLi\Connection.php:306
Stack trace:
#0 C:\Users\marclain\Downloads\shofixfinal\framework-4.4.8\system\Database\MySQLi\Connection.php(306): mysqli->query('CREATE TABLE `U...', 0)
#1 C:\Users\marclain\Downloads\shofixfinal\framework-4.4.8\system\Database\BaseConnection.php(693): CodeIgniter\Database\MySQLi\Connection->execute('CREATE TABLE `U...')
#2 C:\Users\marclain\Downloads\shofixfinal\framework-4.4.8\system\Database\BaseConnection.php(607): CodeIgniter\Database\BaseConnection->simpleQuery('CREATE TABLE `U...')
#3 C:\Users\marclain\Downloads\shofixfinal\framework-4.4.8\system\Database\Forge.php(555): CodeIgniter\Database\BaseConnection->query('CREATE TABLE `U...')
#4 C:\Users\marclain\Downloads\shofixfinal\framework-4.4.8\app\Database\Migrations\2024-06-19-082133_Inventory.php(46): CodeIgniter\Database\Forge->createTable('Users')
#5 C:\Users\marclain\Downloads\shofixfinal\framework-4.4.8\system\Database\MigrationRunner.php(865): App\Database\Migrations\Inventory->up()
#6 C:\Users\marclain\Downloads\shofixfinal\framework-4.4.8\system\Database\MigrationRunner.php(181): CodeIgniter\Database\MigrationRunner->migrate('up', Object(stdClass))
#7 C:\Users\marclain\Downloads\shofixfinal\framework-4.4.8\system\Commands\Database\Migrate.php(84): CodeIgniter\Database\MigrationRunner->latest(NULL)
#8 C:\Users\marclain\Downloads\shofixfinal\framework-4.4.8\system\CLI\Commands.php(65): CodeIgniter\Commands\Database\Migrate->run(Array)
#9 C:\Users\marclain\Downloads\shofixfinal\framework-4.4.8\system\CLI\Console.php(46): CodeIgniter\CLI\Commands->run('migrate', Array)
#10 C:\Users\marclain\Downloads\shofixfinal\framework-4.4.8\spark(102): CodeIgniter\CLI\Console->run()
#11 {main}
CRITICAL - 2024-07-02 11:55:11 --> ErrorException: Cannot declare class App\Database\Migrations\Inventory, because the name is already in use
in APPPATH\Database\Migrations\2024-06-26-001643_Inventory.php on line 7.
 1 [internal function]: CodeIgniter\Debug\Exceptions->shutdownHandler()
CRITICAL - 2024-07-02 11:56:12 --> ErrorException: Cannot declare class App\Database\Migrations\Inventory, because the name is already in use
in APPPATH\Database\Migrations\2024-06-26-001643_Inventory.php on line 7.
 1 [internal function]: CodeIgniter\Debug\Exceptions->shutdownHandler()
CRITICAL - 2024-07-02 12:04:30 --> ErrorException: Cannot declare class App\Database\Migrations\Inventory, because the name is already in use
in APPPATH\Database\Migrations\2024-06-26-004808_Inventory.php on line 7.
 1 [internal function]: CodeIgniter\Debug\Exceptions->shutdownHandler()
CRITICAL - 2024-07-02 12:23:45 --> CodeIgniter\View\Exceptions\ViewException: Invalid file: "Main/main.php"
in SYSTEMPATH\Exceptions\FrameworkException.php on line 39.
 1 SYSTEMPATH\View\View.php(216): CodeIgniter\Exceptions\FrameworkException::forInvalidFile('Main/main.php')
 2 SYSTEMPATH\Common.php(1178): CodeIgniter\View\View->render('Main/main.php', [], true)
 3 APPPATH\Controllers\Main.php(9): view('Main/main.php')
 4 SYSTEMPATH\CodeIgniter.php(943): App\Controllers\Main->main()
 5 SYSTEMPATH\CodeIgniter.php(503): CodeIgniter\CodeIgniter->runController(Object(App\Controllers\Main))
 6 SYSTEMPATH\CodeIgniter.php(361): CodeIgniter\CodeIgniter->handleRequest(null, Object(Config\Cache), false)
 7 FCPATH\index.php(79): CodeIgniter\CodeIgniter->run()
CRITICAL - 2024-07-02 14:36:59 --> ErrorException: file_get_contents(C:\Users\marclain\Downloads\shofixfinal\framework-4.4.8\app\Views\Home\mian.js): Failed to open stream: No such file or directory
in APPPATH\Views\Home\index.php on line 10.
 1 [internal function]: CodeIgniter\Debug\Exceptions->errorHandler(2, 'file_get_contents(C:\\Users\\marclain\\Downloads\\shofixfinal\\framework-4.4.8\\app\\Views\\Home\\mian.js): Failed to open stream: No such file or directory', 'C:\\Users\\marclain\\Downloads\\shofixfinal\\framework-4.4.8\\app\\Views\\Home\\index.php', 10)
 2 APPPATH\Views\Home\index.php(10): file_get_contents('C:\\Users\\marclain\\Downloads\\shofixfinal\\framework-4.4.8\\app\\Views\\Home\\mian.js')
 3 SYSTEMPATH\View\View.php(228): include('C:\\Users\\marclain\\Downloads\\shofixfinal\\framework-4.4.8\\app\\Views\\Home\\index.php')
 4 SYSTEMPATH\View\View.php(231): CodeIgniter\View\View->CodeIgniter\View\{closure}()
 5 SYSTEMPATH\Common.php(1178): CodeIgniter\View\View->render('Home/index.php', [], true)
 6 APPPATH\Controllers\Home.php(9): view('Home/index.php')
 7 SYSTEMPATH\CodeIgniter.php(943): App\Controllers\Home->index()
 8 SYSTEMPATH\CodeIgniter.php(503): CodeIgniter\CodeIgniter->runController(Object(App\Controllers\Home))
 9 SYSTEMPATH\CodeIgniter.php(361): CodeIgniter\CodeIgniter->handleRequest(null, Object(Config\Cache), false)
10 FCPATH\index.php(79): CodeIgniter\CodeIgniter->run()
CRITICAL - 2024-07-02 14:37:11 --> ErrorException: file_get_contents(C:\Users\marclain\Downloads\shofixfinal\framework-4.4.8\app\Views\Home\mainn.js): Failed to open stream: No such file or directory
in APPPATH\Views\Home\index.php on line 10.
 1 [internal function]: CodeIgniter\Debug\Exceptions->errorHandler(2, 'file_get_contents(C:\\Users\\marclain\\Downloads\\shofixfinal\\framework-4.4.8\\app\\Views\\Home\\mainn.js): Failed to open stream: No such file or directory', 'C:\\Users\\marclain\\Downloads\\shofixfinal\\framework-4.4.8\\app\\Views\\Home\\index.php', 10)
 2 APPPATH\Views\Home\index.php(10): file_get_contents('C:\\Users\\marclain\\Downloads\\shofixfinal\\framework-4.4.8\\app\\Views\\Home\\mainn.js')
 3 SYSTEMPATH\View\View.php(228): include('C:\\Users\\marclain\\Downloads\\shofixfinal\\framework-4.4.8\\app\\Views\\Home\\index.php')
 4 SYSTEMPATH\View\View.php(231): CodeIgniter\View\View->CodeIgniter\View\{closure}()
 5 SYSTEMPATH\Common.php(1178): CodeIgniter\View\View->render('Home/index.php', [], true)
 6 APPPATH\Controllers\Home.php(9): view('Home/index.php')
 7 SYSTEMPATH\CodeIgniter.php(943): App\Controllers\Home->index()
 8 SYSTEMPATH\CodeIgniter.php(503): CodeIgniter\CodeIgniter->runController(Object(App\Controllers\Home))
 9 SYSTEMPATH\CodeIgniter.php(361): CodeIgniter\CodeIgniter->handleRequest(null, Object(Config\Cache), false)
10 FCPATH\index.php(79): CodeIgniter\CodeIgniter->run()
CRITICAL - 2024-07-02 14:51:04 --> ErrorException: file_get_contents(C:\Users\marclain\Downloads\shofixfinal\framework-4.4.8\app\Views\Home\main.css): Failed to open stream: No such file or directory
in APPPATH\Views\Home\index.php on line 6.
 1 [internal function]: CodeIgniter\Debug\Exceptions->errorHandler(2, 'file_get_contents(C:\\Users\\marclain\\Downloads\\shofixfinal\\framework-4.4.8\\app\\Views\\Home\\main.css): Failed to open stream: No such file or directory', 'C:\\Users\\marclain\\Downloads\\shofixfinal\\framework-4.4.8\\app\\Views\\Home\\index.php', 6)
 2 APPPATH\Views\Home\index.php(6): file_get_contents('C:\\Users\\marclain\\Downloads\\shofixfinal\\framework-4.4.8\\app\\Views\\Home\\main.css')
 3 SYSTEMPATH\View\View.php(228): include('C:\\Users\\marclain\\Downloads\\shofixfinal\\framework-4.4.8\\app\\Views\\Home\\index.php')
 4 SYSTEMPATH\View\View.php(231): CodeIgniter\View\View->CodeIgniter\View\{closure}()
 5 SYSTEMPATH\Common.php(1178): CodeIgniter\View\View->render('Home/index.php', [], true)
 6 APPPATH\Controllers\Home.php(9): view('Home/index.php')
 7 SYSTEMPATH\CodeIgniter.php(943): App\Controllers\Home->index()
 8 SYSTEMPATH\CodeIgniter.php(503): CodeIgniter\CodeIgniter->runController(Object(App\Controllers\Home))
 9 SYSTEMPATH\CodeIgniter.php(361): CodeIgniter\CodeIgniter->handleRequest(null, Object(Config\Cache), false)
10 FCPATH\index.php(79): CodeIgniter\CodeIgniter->run()
INFO - 2024-07-02 16:21:07 --> Session: Class initialized using 'CodeIgniter\Session\Handlers\FileHandler' driver.
INFO - 2024-07-02 16:22:07 --> Session: Class initialized using 'CodeIgniter\Session\Handlers\FileHandler' driver.
INFO - 2024-07-02 16:22:47 --> Session: Class initialized using 'CodeIgniter\Session\Handlers\FileHandler' driver.
INFO - 2024-07-02 16:23:24 --> Session: Class initialized using 'CodeIgniter\Session\Handlers\FileHandler' driver.
INFO - 2024-07-02 16:23:51 --> Session: Class initialized using 'CodeIgniter\Session\Handlers\FileHandler' driver.
INFO - 2024-07-02 16:24:30 --> Session: Class initialized using 'CodeIgniter\Session\Handlers\FileHandler' driver.
INFO - 2024-07-02 16:24:31 --> Session: Class initialized using 'CodeIgniter\Session\Handlers\FileHandler' driver.
INFO - 2024-07-02 16:24:55 --> Session: Class initialized using 'CodeIgniter\Session\Handlers\FileHandler' driver.
INFO - 2024-07-02 16:24:56 --> Session: Class initialized using 'CodeIgniter\Session\Handlers\FileHandler' driver.
INFO - 2024-07-02 16:24:57 --> Session: Class initialized using 'CodeIgniter\Session\Handlers\FileHandler' driver.
INFO - 2024-07-02 16:24:59 --> Session: Class initialized using 'CodeIgniter\Session\Handlers\FileHandler' driver.
INFO - 2024-07-02 16:25:36 --> Session: Class initialized using 'CodeIgniter\Session\Handlers\FileHandler' driver.
INFO - 2024-07-02 16:25:44 --> Session: Class initialized using 'CodeIgniter\Session\Handlers\FileHandler' driver.
INFO - 2024-07-02 16:27:58 --> Session: Class initialized using 'CodeIgniter\Session\Handlers\FileHandler' driver.
INFO - 2024-07-02 16:28:17 --> Session: Class initialized using 'CodeIgniter\Session\Handlers\FileHandler' driver.
INFO - 2024-07-02 16:30:11 --> Session: Class initialized using 'CodeIgniter\Session\Handlers\FileHandler' driver.
INFO - 2024-07-02 16:31:19 --> Session: Class initialized using 'CodeIgniter\Session\Handlers\FileHandler' driver.
INFO - 2024-07-02 16:31:24 --> Session: Class initialized using 'CodeIgniter\Session\Handlers\FileHandler' driver.
INFO - 2024-07-02 16:32:29 --> Session: Class initialized using 'CodeIgniter\Session\Handlers\FileHandler' driver.
INFO - 2024-07-02 16:34:01 --> Session: Class initialized using 'CodeIgniter\Session\Handlers\FileHandler' driver.
INFO - 2024-07-02 16:34:02 --> Session: Class initialized using 'CodeIgniter\Session\Handlers\FileHandler' driver.
INFO - 2024-07-02 16:34:03 --> Session: Class initialized using 'CodeIgniter\Session\Handlers\FileHandler' driver.
INFO - 2024-07-02 16:34:26 --> Session: Class initialized using 'CodeIgniter\Session\Handlers\FileHandler' driver.
INFO - 2024-07-02 16:34:28 --> Session: Class initialized using 'CodeIgniter\Session\Handlers\FileHandler' driver.
INFO - 2024-07-02 16:36:27 --> Session: Class initialized using 'CodeIgniter\Session\Handlers\FileHandler' driver.
INFO - 2024-07-02 16:37:07 --> Session: Class initialized using 'CodeIgniter\Session\Handlers\FileHandler' driver.
INFO - 2024-07-02 16:38:23 --> Session: Class initialized using 'CodeIgniter\Session\Handlers\FileHandler' driver.
INFO - 2024-07-02 16:38:37 --> Session: Class initialized using 'CodeIgniter\Session\Handlers\FileHandler' driver.
INFO - 2024-07-02 16:39:59 --> Session: Class initialized using 'CodeIgniter\Session\Handlers\FileHandler' driver.
INFO - 2024-07-02 16:40:31 --> Session: Class initialized using 'CodeIgniter\Session\Handlers\FileHandler' driver.
INFO - 2024-07-02 16:40:51 --> Session: Class initialized using 'CodeIgniter\Session\Handlers\FileHandler' driver.
INFO - 2024-07-02 16:41:12 --> Session: Class initialized using 'CodeIgniter\Session\Handlers\FileHandler' driver.
INFO - 2024-07-02 16:41:13 --> Session: Class initialized using 'CodeIgniter\Session\Handlers\FileHandler' driver.
INFO - 2024-07-02 16:42:04 --> Session: Class initialized using 'CodeIgniter\Session\Handlers\FileHandler' driver.
INFO - 2024-07-02 16:42:14 --> Session: Class initialized using 'CodeIgniter\Session\Handlers\FileHandler' driver.
INFO - 2024-07-02 16:42:25 --> Session: Class initialized using 'CodeIgniter\Session\Handlers\FileHandler' driver.
INFO - 2024-07-02 16:42:26 --> Session: Class initialized using 'CodeIgniter\Session\Handlers\FileHandler' driver.
INFO - 2024-07-02 16:42:34 --> Session: Class initialized using 'CodeIgniter\Session\Handlers\FileHandler' driver.
INFO - 2024-07-02 16:43:49 --> Session: Class initialized using 'CodeIgniter\Session\Handlers\FileHandler' driver.
INFO - 2024-07-02 16:45:18 --> Session: Class initialized using 'CodeIgniter\Session\Handlers\FileHandler' driver.
INFO - 2024-07-02 16:45:42 --> Session: Class initialized using 'CodeIgniter\Session\Handlers\FileHandler' driver.
INFO - 2024-07-02 16:45:58 --> Session: Class initialized using 'CodeIgniter\Session\Handlers\FileHandler' driver.
INFO - 2024-07-02 16:46:42 --> Session: Class initialized using 'CodeIgniter\Session\Handlers\FileHandler' driver.
INFO - 2024-07-02 16:47:02 --> Session: Class initialized using 'CodeIgniter\Session\Handlers\FileHandler' driver.
CRITICAL - 2024-07-02 16:57:34 --> CodeIgniter\View\Exceptions\ViewException: Invalid file: "login.php"
in SYSTEMPATH\Exceptions\FrameworkException.php on line 39.
 1 SYSTEMPATH\View\View.php(216): CodeIgniter\Exceptions\FrameworkException::forInvalidFile('login.php')
 2 SYSTEMPATH\Common.php(1178): CodeIgniter\View\View->render('login', [], true)
 3 APPPATH\Controllers\Login.php(10): view('login')
 4 SYSTEMPATH\CodeIgniter.php(943): App\Controllers\Login->index()
 5 SYSTEMPATH\CodeIgniter.php(503): CodeIgniter\CodeIgniter->runController(Object(App\Controllers\Login))
 6 SYSTEMPATH\CodeIgniter.php(361): CodeIgniter\CodeIgniter->handleRequest(null, Object(Config\Cache), false)
 7 FCPATH\index.php(79): CodeIgniter\CodeIgniter->run()
CRITICAL - 2024-07-02 17:10:30 --> CodeIgniter\View\Exceptions\ViewException: Invalid file: "login.php"
in SYSTEMPATH\Exceptions\FrameworkException.php on line 39.
 1 SYSTEMPATH\View\View.php(216): CodeIgniter\Exceptions\FrameworkException::forInvalidFile('login.php')
 2 SYSTEMPATH\Common.php(1178): CodeIgniter\View\View->render('login', [], true)
 3 APPPATH\Controllers\Login.php(10): view('login')
 4 SYSTEMPATH\CodeIgniter.php(943): App\Controllers\Login->index()
 5 SYSTEMPATH\CodeIgniter.php(503): CodeIgniter\CodeIgniter->runController(Object(App\Controllers\Login))
 6 SYSTEMPATH\CodeIgniter.php(361): CodeIgniter\CodeIgniter->handleRequest(null, Object(Config\Cache), false)
 7 FCPATH\index.php(79): CodeIgniter\CodeIgniter->run()
CRITICAL - 2024-07-02 17:10:31 --> CodeIgniter\View\Exceptions\ViewException: Invalid file: "login.php"
in SYSTEMPATH\Exceptions\FrameworkException.php on line 39.
 1 SYSTEMPATH\View\View.php(216): CodeIgniter\Exceptions\FrameworkException::forInvalidFile('login.php')
 2 SYSTEMPATH\Common.php(1178): CodeIgniter\View\View->render('login', [], true)
 3 APPPATH\Controllers\Login.php(10): view('login')
 4 SYSTEMPATH\CodeIgniter.php(943): App\Controllers\Login->index()
 5 SYSTEMPATH\CodeIgniter.php(503): CodeIgniter\CodeIgniter->runController(Object(App\Controllers\Login))
 6 SYSTEMPATH\CodeIgniter.php(361): CodeIgniter\CodeIgniter->handleRequest(null, Object(Config\Cache), false)
 7 FCPATH\index.php(79): CodeIgniter\CodeIgniter->run()
CRITICAL - 2024-07-02 17:11:11 --> CodeIgniter\View\Exceptions\ViewException: Invalid file: "login.php"
in SYSTEMPATH\Exceptions\FrameworkException.php on line 39.
 1 SYSTEMPATH\View\View.php(216): CodeIgniter\Exceptions\FrameworkException::forInvalidFile('login.php')
 2 SYSTEMPATH\Common.php(1178): CodeIgniter\View\View->render('login', [], true)
 3 APPPATH\Controllers\Login.php(10): view('login')
 4 SYSTEMPATH\CodeIgniter.php(943): App\Controllers\Login->index()
 5 SYSTEMPATH\CodeIgniter.php(503): CodeIgniter\CodeIgniter->runController(Object(App\Controllers\Login))
 6 SYSTEMPATH\CodeIgniter.php(361): CodeIgniter\CodeIgniter->handleRequest(null, Object(Config\Cache), false)
 7 FCPATH\index.php(79): CodeIgniter\CodeIgniter->run()
CRITICAL - 2024-07-02 17:11:14 --> CodeIgniter\View\Exceptions\ViewException: Invalid file: "login.php"
in SYSTEMPATH\Exceptions\FrameworkException.php on line 39.
 1 SYSTEMPATH\View\View.php(216): CodeIgniter\Exceptions\FrameworkException::forInvalidFile('login.php')
 2 SYSTEMPATH\Common.php(1178): CodeIgniter\View\View->render('login', [], true)
 3 APPPATH\Controllers\Login.php(10): view('login')
 4 SYSTEMPATH\CodeIgniter.php(943): App\Controllers\Login->index()
 5 SYSTEMPATH\CodeIgniter.php(503): CodeIgniter\CodeIgniter->runController(Object(App\Controllers\Login))
 6 SYSTEMPATH\CodeIgniter.php(361): CodeIgniter\CodeIgniter->handleRequest(null, Object(Config\Cache), false)
 7 FCPATH\index.php(79): CodeIgniter\CodeIgniter->run()
CRITICAL - 2024-07-02 17:12:03 --> CodeIgniter\View\Exceptions\ViewException: Invalid file: "login.php"
in SYSTEMPATH\Exceptions\FrameworkException.php on line 39.
 1 SYSTEMPATH\View\View.php(216): CodeIgniter\Exceptions\FrameworkException::forInvalidFile('login.php')
 2 SYSTEMPATH\Common.php(1178): CodeIgniter\View\View->render('login', [], true)
 3 APPPATH\Controllers\Login.php(10): view('login')
 4 SYSTEMPATH\CodeIgniter.php(943): App\Controllers\Login->index()
 5 SYSTEMPATH\CodeIgniter.php(503): CodeIgniter\CodeIgniter->runController(Object(App\Controllers\Login))
 6 SYSTEMPATH\CodeIgniter.php(361): CodeIgniter\CodeIgniter->handleRequest(null, Object(Config\Cache), false)
 7 FCPATH\index.php(79): CodeIgniter\CodeIgniter->run()
INFO - 2024-07-02 17:22:36 --> Session: Class initialized using 'CodeIgniter\Session\Handlers\FileHandler' driver.
INFO - 2024-07-02 17:25:35 --> Session: Class initialized using 'CodeIgniter\Session\Handlers\FileHandler' driver.
INFO - 2024-07-02 17:28:20 --> Session: Class initialized using 'CodeIgniter\Session\Handlers\FileHandler' driver.
INFO - 2024-07-02 17:29:23 --> Session: Class initialized using 'CodeIgniter\Session\Handlers\FileHandler' driver.
INFO - 2024-07-02 17:29:27 --> Session: Class initialized using 'CodeIgniter\Session\Handlers\FileHandler' driver.
