CRITICAL - 2024-07-04 00:01:49 --> ParseError: syntax error, unexpected token "endforeach", expecting "elseif" or "else" or "endif"
in APPPATH\Views\Home\index.php on line 172.
 1 SYSTEMPATH\View\View.php(231): CodeIgniter\View\View->CodeIgniter\View\{closure}()
 2 SYSTEMPATH\Common.php(1178): CodeIgniter\View\View->render('Home/index.php', [], true)
 3 APPPATH\Controllers\Home.php(13): view('Home/index.php', [...])
 4 SYSTEMPATH\CodeIgniter.php(943): App\Controllers\Home->index()
 5 SYSTEMPATH\CodeIgniter.php(503): CodeIgniter\CodeIgniter->runController(Object(App\Controllers\Home))
 6 SYSTEMPATH\CodeIgniter.php(361): CodeIgniter\CodeIgniter->handleRequest(null, Object(Config\Cache), false)
 7 FCPATH\index.php(79): CodeIgniter\CodeIgniter->run()
CRITICAL - 2024-07-04 00:01:51 --> ParseError: syntax error, unexpected token "endforeach", expecting "elseif" or "else" or "endif"
in APPPATH\Views\Home\index.php on line 172.
 1 SYSTEMPATH\View\View.php(231): CodeIgniter\View\View->CodeIgniter\View\{closure}()
 2 SYSTEMPATH\Common.php(1178): CodeIgniter\View\View->render('Home/index.php', [], true)
 3 APPPATH\Controllers\Home.php(13): view('Home/index.php', [...])
 4 SYSTEMPATH\CodeIgniter.php(943): App\Controllers\Home->index()
 5 SYSTEMPATH\CodeIgniter.php(503): CodeIgniter\CodeIgniter->runController(Object(App\Controllers\Home))
 6 SYSTEMPATH\CodeIgniter.php(361): CodeIgniter\CodeIgniter->handleRequest(null, Object(Config\Cache), false)
 7 FCPATH\index.php(79): CodeIgniter\CodeIgniter->run()
CRITICAL - 2024-07-04 00:02:03 --> ErrorException: Array to string conversion
in APPPATH\Views\Home\index.php on line 154.
 1 APPPATH\Views\Home\index.php(154): CodeIgniter\Debug\Exceptions->errorHandler(2, 'Array to string conversion', 'C:\\Users\\marclain\\Downloads\\shofixfinal\\framework-4.4.8\\app\\Views\\Home\\index.php', 154)
 2 SYSTEMPATH\View\View.php(228): include('C:\\Users\\marclain\\Downloads\\shofixfinal\\framework-4.4.8\\app\\Views\\Home\\index.php')
 3 SYSTEMPATH\View\View.php(231): CodeIgniter\View\View->CodeIgniter\View\{closure}()
 4 SYSTEMPATH\Common.php(1178): CodeIgniter\View\View->render('Home/index.php', [], true)
 5 APPPATH\Controllers\Home.php(13): view('Home/index.php', [...])
 6 SYSTEMPATH\CodeIgniter.php(943): App\Controllers\Home->index()
 7 SYSTEMPATH\CodeIgniter.php(503): CodeIgniter\CodeIgniter->runController(Object(App\Controllers\Home))
 8 SYSTEMPATH\CodeIgniter.php(361): CodeIgniter\CodeIgniter->handleRequest(null, Object(Config\Cache), false)
 9 FCPATH\index.php(79): CodeIgniter\CodeIgniter->run()
CRITICAL - 2024-07-04 00:03:45 --> ErrorException: Undefined variable $product
in APPPATH\Views\Home\index.php on line 158.
 1 APPPATH\Views\Home\index.php(158): CodeIgniter\Debug\Exceptions->errorHandler(2, 'Undefined variable $product', 'C:\\Users\\marclain\\Downloads\\shofixfinal\\framework-4.4.8\\app\\Views\\Home\\index.php', 158)
 2 SYSTEMPATH\View\View.php(228): include('C:\\Users\\marclain\\Downloads\\shofixfinal\\framework-4.4.8\\app\\Views\\Home\\index.php')
 3 SYSTEMPATH\View\View.php(231): CodeIgniter\View\View->CodeIgniter\View\{closure}()
 4 SYSTEMPATH\Common.php(1178): CodeIgniter\View\View->render('Home/index.php', [], true)
 5 APPPATH\Controllers\Home.php(13): view('Home/index.php', [...])
 6 SYSTEMPATH\CodeIgniter.php(943): App\Controllers\Home->index()
 7 SYSTEMPATH\CodeIgniter.php(503): CodeIgniter\CodeIgniter->runController(Object(App\Controllers\Home))
 8 SYSTEMPATH\CodeIgniter.php(361): CodeIgniter\CodeIgniter->handleRequest(null, Object(Config\Cache), false)
 9 FCPATH\index.php(79): CodeIgniter\CodeIgniter->run()
CRITICAL - 2024-07-04 00:03:55 --> ErrorException: Undefined array key "Image"
in APPPATH\Views\Home\index.php on line 158.
 1 APPPATH\Views\Home\index.php(158): CodeIgniter\Debug\Exceptions->errorHandler(2, 'Undefined array key "Image"', 'C:\\Users\\marclain\\Downloads\\shofixfinal\\framework-4.4.8\\app\\Views\\Home\\index.php', 158)
 2 SYSTEMPATH\View\View.php(228): include('C:\\Users\\marclain\\Downloads\\shofixfinal\\framework-4.4.8\\app\\Views\\Home\\index.php')
 3 SYSTEMPATH\View\View.php(231): CodeIgniter\View\View->CodeIgniter\View\{closure}()
 4 SYSTEMPATH\Common.php(1178): CodeIgniter\View\View->render('Home/index.php', [], true)
 5 APPPATH\Controllers\Home.php(13): view('Home/index.php', [...])
 6 SYSTEMPATH\CodeIgniter.php(943): App\Controllers\Home->index()
 7 SYSTEMPATH\CodeIgniter.php(503): CodeIgniter\CodeIgniter->runController(Object(App\Controllers\Home))
 8 SYSTEMPATH\CodeIgniter.php(361): CodeIgniter\CodeIgniter->handleRequest(null, Object(Config\Cache), false)
 9 FCPATH\index.php(79): CodeIgniter\CodeIgniter->run()
CRITICAL - 2024-07-04 00:04:30 --> ErrorException: Undefined array key "Image"
in APPPATH\Views\Home\index.php on line 158.
 1 APPPATH\Views\Home\index.php(158): CodeIgniter\Debug\Exceptions->errorHandler(2, 'Undefined array key "Image"', 'C:\\Users\\marclain\\Downloads\\shofixfinal\\framework-4.4.8\\app\\Views\\Home\\index.php', 158)
 2 SYSTEMPATH\View\View.php(228): include('C:\\Users\\marclain\\Downloads\\shofixfinal\\framework-4.4.8\\app\\Views\\Home\\index.php')
 3 SYSTEMPATH\View\View.php(231): CodeIgniter\View\View->CodeIgniter\View\{closure}()
 4 SYSTEMPATH\Common.php(1178): CodeIgniter\View\View->render('Home/index.php', [], true)
 5 APPPATH\Controllers\Home.php(13): view('Home/index.php', [...])
 6 SYSTEMPATH\CodeIgniter.php(943): App\Controllers\Home->index()
 7 SYSTEMPATH\CodeIgniter.php(503): CodeIgniter\CodeIgniter->runController(Object(App\Controllers\Home))
 8 SYSTEMPATH\CodeIgniter.php(361): CodeIgniter\CodeIgniter->handleRequest(null, Object(Config\Cache), false)
 9 FCPATH\index.php(79): CodeIgniter\CodeIgniter->run()
CRITICAL - 2024-07-04 00:04:34 --> ErrorException: Undefined array key "Image"
in APPPATH\Views\Home\index.php on line 158.
 1 APPPATH\Views\Home\index.php(158): CodeIgniter\Debug\Exceptions->errorHandler(2, 'Undefined array key "Image"', 'C:\\Users\\marclain\\Downloads\\shofixfinal\\framework-4.4.8\\app\\Views\\Home\\index.php', 158)
 2 SYSTEMPATH\View\View.php(228): include('C:\\Users\\marclain\\Downloads\\shofixfinal\\framework-4.4.8\\app\\Views\\Home\\index.php')
 3 SYSTEMPATH\View\View.php(231): CodeIgniter\View\View->CodeIgniter\View\{closure}()
 4 SYSTEMPATH\Common.php(1178): CodeIgniter\View\View->render('Home/index.php', [], true)
 5 APPPATH\Controllers\Home.php(13): view('Home/index.php', [...])
 6 SYSTEMPATH\CodeIgniter.php(943): App\Controllers\Home->index()
 7 SYSTEMPATH\CodeIgniter.php(503): CodeIgniter\CodeIgniter->runController(Object(App\Controllers\Home))
 8 SYSTEMPATH\CodeIgniter.php(361): CodeIgniter\CodeIgniter->handleRequest(null, Object(Config\Cache), false)
 9 FCPATH\index.php(79): CodeIgniter\CodeIgniter->run()
CRITICAL - 2024-07-04 00:04:37 --> ErrorException: Undefined array key "Image"
in APPPATH\Views\Home\index.php on line 158.
 1 APPPATH\Views\Home\index.php(158): CodeIgniter\Debug\Exceptions->errorHandler(2, 'Undefined array key "Image"', 'C:\\Users\\marclain\\Downloads\\shofixfinal\\framework-4.4.8\\app\\Views\\Home\\index.php', 158)
 2 SYSTEMPATH\View\View.php(228): include('C:\\Users\\marclain\\Downloads\\shofixfinal\\framework-4.4.8\\app\\Views\\Home\\index.php')
 3 SYSTEMPATH\View\View.php(231): CodeIgniter\View\View->CodeIgniter\View\{closure}()
 4 SYSTEMPATH\Common.php(1178): CodeIgniter\View\View->render('Home/index.php', [], true)
 5 APPPATH\Controllers\Home.php(13): view('Home/index.php', [...])
 6 SYSTEMPATH\CodeIgniter.php(943): App\Controllers\Home->index()
 7 SYSTEMPATH\CodeIgniter.php(503): CodeIgniter\CodeIgniter->runController(Object(App\Controllers\Home))
 8 SYSTEMPATH\CodeIgniter.php(361): CodeIgniter\CodeIgniter->handleRequest(null, Object(Config\Cache), false)
 9 FCPATH\index.php(79): CodeIgniter\CodeIgniter->run()
CRITICAL - 2024-07-04 00:04:56 --> ErrorException: Undefined array key "Image"
in APPPATH\Views\Home\index.php on line 158.
 1 APPPATH\Views\Home\index.php(158): CodeIgniter\Debug\Exceptions->errorHandler(2, 'Undefined array key "Image"', 'C:\\Users\\marclain\\Downloads\\shofixfinal\\framework-4.4.8\\app\\Views\\Home\\index.php', 158)
 2 SYSTEMPATH\View\View.php(228): include('C:\\Users\\marclain\\Downloads\\shofixfinal\\framework-4.4.8\\app\\Views\\Home\\index.php')
 3 SYSTEMPATH\View\View.php(231): CodeIgniter\View\View->CodeIgniter\View\{closure}()
 4 SYSTEMPATH\Common.php(1178): CodeIgniter\View\View->render('Home/index.php', [], true)
 5 APPPATH\Controllers\Home.php(13): view('Home/index.php', [...])
 6 SYSTEMPATH\CodeIgniter.php(943): App\Controllers\Home->index()
 7 SYSTEMPATH\CodeIgniter.php(503): CodeIgniter\CodeIgniter->runController(Object(App\Controllers\Home))
 8 SYSTEMPATH\CodeIgniter.php(361): CodeIgniter\CodeIgniter->handleRequest(null, Object(Config\Cache), false)
 9 FCPATH\index.php(79): CodeIgniter\CodeIgniter->run()
CRITICAL - 2024-07-04 00:05:49 --> ErrorException: Undefined array key "Image"
in APPPATH\Views\Home\index.php on line 158.
 1 APPPATH\Views\Home\index.php(158): CodeIgniter\Debug\Exceptions->errorHandler(2, 'Undefined array key "Image"', 'C:\\Users\\marclain\\Downloads\\shofixfinal\\framework-4.4.8\\app\\Views\\Home\\index.php', 158)
 2 SYSTEMPATH\View\View.php(228): include('C:\\Users\\marclain\\Downloads\\shofixfinal\\framework-4.4.8\\app\\Views\\Home\\index.php')
 3 SYSTEMPATH\View\View.php(231): CodeIgniter\View\View->CodeIgniter\View\{closure}()
 4 SYSTEMPATH\Common.php(1178): CodeIgniter\View\View->render('Home/index.php', [], true)
 5 APPPATH\Controllers\Home.php(13): view('Home/index.php', [...])
 6 SYSTEMPATH\CodeIgniter.php(943): App\Controllers\Home->index()
 7 SYSTEMPATH\CodeIgniter.php(503): CodeIgniter\CodeIgniter->runController(Object(App\Controllers\Home))
 8 SYSTEMPATH\CodeIgniter.php(361): CodeIgniter\CodeIgniter->handleRequest(null, Object(Config\Cache), false)
 9 FCPATH\index.php(79): CodeIgniter\CodeIgniter->run()
CRITICAL - 2024-07-04 00:08:23 --> ErrorException: Undefined array key "Image"
in APPPATH\Views\Home\index.php on line 158.
 1 APPPATH\Views\Home\index.php(158): CodeIgniter\Debug\Exceptions->errorHandler(2, 'Undefined array key "Image"', 'C:\\Users\\marclain\\Downloads\\shofixfinal\\framework-4.4.8\\app\\Views\\Home\\index.php', 158)
 2 SYSTEMPATH\View\View.php(228): include('C:\\Users\\marclain\\Downloads\\shofixfinal\\framework-4.4.8\\app\\Views\\Home\\index.php')
 3 SYSTEMPATH\View\View.php(231): CodeIgniter\View\View->CodeIgniter\View\{closure}()
 4 SYSTEMPATH\Common.php(1178): CodeIgniter\View\View->render('Home/index.php', [], true)
 5 APPPATH\Controllers\Home.php(13): view('Home/index.php', [...])
 6 SYSTEMPATH\CodeIgniter.php(943): App\Controllers\Home->index()
 7 SYSTEMPATH\CodeIgniter.php(503): CodeIgniter\CodeIgniter->runController(Object(App\Controllers\Home))
 8 SYSTEMPATH\CodeIgniter.php(361): CodeIgniter\CodeIgniter->handleRequest(null, Object(Config\Cache), false)
 9 FCPATH\index.php(79): CodeIgniter\CodeIgniter->run()
CRITICAL - 2024-07-04 00:08:24 --> ErrorException: Undefined array key "Image"
in APPPATH\Views\Home\index.php on line 158.
 1 APPPATH\Views\Home\index.php(158): CodeIgniter\Debug\Exceptions->errorHandler(2, 'Undefined array key "Image"', 'C:\\Users\\marclain\\Downloads\\shofixfinal\\framework-4.4.8\\app\\Views\\Home\\index.php', 158)
 2 SYSTEMPATH\View\View.php(228): include('C:\\Users\\marclain\\Downloads\\shofixfinal\\framework-4.4.8\\app\\Views\\Home\\index.php')
 3 SYSTEMPATH\View\View.php(231): CodeIgniter\View\View->CodeIgniter\View\{closure}()
 4 SYSTEMPATH\Common.php(1178): CodeIgniter\View\View->render('Home/index.php', [], true)
 5 APPPATH\Controllers\Home.php(13): view('Home/index.php', [...])
 6 SYSTEMPATH\CodeIgniter.php(943): App\Controllers\Home->index()
 7 SYSTEMPATH\CodeIgniter.php(503): CodeIgniter\CodeIgniter->runController(Object(App\Controllers\Home))
 8 SYSTEMPATH\CodeIgniter.php(361): CodeIgniter\CodeIgniter->handleRequest(null, Object(Config\Cache), false)
 9 FCPATH\index.php(79): CodeIgniter\CodeIgniter->run()
CRITICAL - 2024-07-04 00:09:18 --> ErrorException: Undefined array key "Image"
in APPPATH\Views\Home\index.php on line 158.
 1 APPPATH\Views\Home\index.php(158): CodeIgniter\Debug\Exceptions->errorHandler(2, 'Undefined array key "Image"', 'C:\\Users\\marclain\\Downloads\\shofixfinal\\framework-4.4.8\\app\\Views\\Home\\index.php', 158)
 2 SYSTEMPATH\View\View.php(228): include('C:\\Users\\marclain\\Downloads\\shofixfinal\\framework-4.4.8\\app\\Views\\Home\\index.php')
 3 SYSTEMPATH\View\View.php(231): CodeIgniter\View\View->CodeIgniter\View\{closure}()
 4 SYSTEMPATH\Common.php(1178): CodeIgniter\View\View->render('Home/index.php', [], true)
 5 APPPATH\Controllers\Home.php(13): view('Home/index.php', [...])
 6 SYSTEMPATH\CodeIgniter.php(943): App\Controllers\Home->index()
 7 SYSTEMPATH\CodeIgniter.php(503): CodeIgniter\CodeIgniter->runController(Object(App\Controllers\Home))
 8 SYSTEMPATH\CodeIgniter.php(361): CodeIgniter\CodeIgniter->handleRequest(null, Object(Config\Cache), false)
 9 FCPATH\index.php(79): CodeIgniter\CodeIgniter->run()
CRITICAL - 2024-07-04 00:09:21 --> ErrorException: Undefined array key "Image"
in APPPATH\Views\Home\index.php on line 158.
 1 APPPATH\Views\Home\index.php(158): CodeIgniter\Debug\Exceptions->errorHandler(2, 'Undefined array key "Image"', 'C:\\Users\\marclain\\Downloads\\shofixfinal\\framework-4.4.8\\app\\Views\\Home\\index.php', 158)
 2 SYSTEMPATH\View\View.php(228): include('C:\\Users\\marclain\\Downloads\\shofixfinal\\framework-4.4.8\\app\\Views\\Home\\index.php')
 3 SYSTEMPATH\View\View.php(231): CodeIgniter\View\View->CodeIgniter\View\{closure}()
 4 SYSTEMPATH\Common.php(1178): CodeIgniter\View\View->render('Home/index.php', [], true)
 5 APPPATH\Controllers\Home.php(13): view('Home/index.php', [...])
 6 SYSTEMPATH\CodeIgniter.php(943): App\Controllers\Home->index()
 7 SYSTEMPATH\CodeIgniter.php(503): CodeIgniter\CodeIgniter->runController(Object(App\Controllers\Home))
 8 SYSTEMPATH\CodeIgniter.php(361): CodeIgniter\CodeIgniter->handleRequest(null, Object(Config\Cache), false)
 9 FCPATH\index.php(79): CodeIgniter\CodeIgniter->run()
CRITICAL - 2024-07-04 00:09:23 --> ErrorException: Undefined array key "Image"
in APPPATH\Views\Home\index.php on line 158.
 1 APPPATH\Views\Home\index.php(158): CodeIgniter\Debug\Exceptions->errorHandler(2, 'Undefined array key "Image"', 'C:\\Users\\marclain\\Downloads\\shofixfinal\\framework-4.4.8\\app\\Views\\Home\\index.php', 158)
 2 SYSTEMPATH\View\View.php(228): include('C:\\Users\\marclain\\Downloads\\shofixfinal\\framework-4.4.8\\app\\Views\\Home\\index.php')
 3 SYSTEMPATH\View\View.php(231): CodeIgniter\View\View->CodeIgniter\View\{closure}()
 4 SYSTEMPATH\Common.php(1178): CodeIgniter\View\View->render('Home/index.php', [], true)
 5 APPPATH\Controllers\Home.php(13): view('Home/index.php', [...])
 6 SYSTEMPATH\CodeIgniter.php(943): App\Controllers\Home->index()
 7 SYSTEMPATH\CodeIgniter.php(503): CodeIgniter\CodeIgniter->runController(Object(App\Controllers\Home))
 8 SYSTEMPATH\CodeIgniter.php(361): CodeIgniter\CodeIgniter->handleRequest(null, Object(Config\Cache), false)
 9 FCPATH\index.php(79): CodeIgniter\CodeIgniter->run()
CRITICAL - 2024-07-04 00:11:45 --> ErrorException: Undefined array key "Image"
in APPPATH\Views\Home\index.php on line 159.
 1 APPPATH\Views\Home\index.php(159): CodeIgniter\Debug\Exceptions->errorHandler(2, 'Undefined array key "Image"', 'C:\\Users\\marclain\\Downloads\\shofixfinal\\framework-4.4.8\\app\\Views\\Home\\index.php', 159)
 2 SYSTEMPATH\View\View.php(228): include('C:\\Users\\marclain\\Downloads\\shofixfinal\\framework-4.4.8\\app\\Views\\Home\\index.php')
 3 SYSTEMPATH\View\View.php(231): CodeIgniter\View\View->CodeIgniter\View\{closure}()
 4 SYSTEMPATH\Common.php(1178): CodeIgniter\View\View->render('Home/index.php', [], true)
 5 APPPATH\Controllers\Home.php(13): view('Home/index.php', [...])
 6 SYSTEMPATH\CodeIgniter.php(943): App\Controllers\Home->index()
 7 SYSTEMPATH\CodeIgniter.php(503): CodeIgniter\CodeIgniter->runController(Object(App\Controllers\Home))
 8 SYSTEMPATH\CodeIgniter.php(361): CodeIgniter\CodeIgniter->handleRequest(null, Object(Config\Cache), false)
 9 FCPATH\index.php(79): CodeIgniter\CodeIgniter->run()
CRITICAL - 2024-07-04 00:25:43 --> ErrorException: Undefined array key "name"
in APPPATH\Views\Home\index.php on line 150.
 1 APPPATH\Views\Home\index.php(150): CodeIgniter\Debug\Exceptions->errorHandler(2, 'Undefined array key "name"', 'C:\\Users\\marclain\\Downloads\\shofixfinal\\framework-4.4.8\\app\\Views\\Home\\index.php', 150)
 2 SYSTEMPATH\View\View.php(228): include('C:\\Users\\marclain\\Downloads\\shofixfinal\\framework-4.4.8\\app\\Views\\Home\\index.php')
 3 SYSTEMPATH\View\View.php(231): CodeIgniter\View\View->CodeIgniter\View\{closure}()
 4 SYSTEMPATH\Common.php(1178): CodeIgniter\View\View->render('Home/index.php', [], true)
 5 APPPATH\Controllers\Home.php(13): view('Home/index.php', [...])
 6 SYSTEMPATH\CodeIgniter.php(943): App\Controllers\Home->index()
 7 SYSTEMPATH\CodeIgniter.php(503): CodeIgniter\CodeIgniter->runController(Object(App\Controllers\Home))
 8 SYSTEMPATH\CodeIgniter.php(361): CodeIgniter\CodeIgniter->handleRequest(null, Object(Config\Cache), false)
 9 FCPATH\index.php(79): CodeIgniter\CodeIgniter->run()
CRITICAL - 2024-07-04 00:26:14 --> ErrorException: Undefined array key "PRoductName"
in APPPATH\Views\Home\index.php on line 150.
 1 APPPATH\Views\Home\index.php(150): CodeIgniter\Debug\Exceptions->errorHandler(2, 'Undefined array key "PRoductName"', 'C:\\Users\\marclain\\Downloads\\shofixfinal\\framework-4.4.8\\app\\Views\\Home\\index.php', 150)
 2 SYSTEMPATH\View\View.php(228): include('C:\\Users\\marclain\\Downloads\\shofixfinal\\framework-4.4.8\\app\\Views\\Home\\index.php')
 3 SYSTEMPATH\View\View.php(231): CodeIgniter\View\View->CodeIgniter\View\{closure}()
 4 SYSTEMPATH\Common.php(1178): CodeIgniter\View\View->render('Home/index.php', [], true)
 5 APPPATH\Controllers\Home.php(13): view('Home/index.php', [...])
 6 SYSTEMPATH\CodeIgniter.php(943): App\Controllers\Home->index()
 7 SYSTEMPATH\CodeIgniter.php(503): CodeIgniter\CodeIgniter->runController(Object(App\Controllers\Home))
 8 SYSTEMPATH\CodeIgniter.php(361): CodeIgniter\CodeIgniter->handleRequest(null, Object(Config\Cache), false)
 9 FCPATH\index.php(79): CodeIgniter\CodeIgniter->run()
CRITICAL - 2024-07-04 00:26:23 --> ErrorException: Undefined array key "PoductName"
in APPPATH\Views\Home\index.php on line 150.
 1 APPPATH\Views\Home\index.php(150): CodeIgniter\Debug\Exceptions->errorHandler(2, 'Undefined array key "PoductName"', 'C:\\Users\\marclain\\Downloads\\shofixfinal\\framework-4.4.8\\app\\Views\\Home\\index.php', 150)
 2 SYSTEMPATH\View\View.php(228): include('C:\\Users\\marclain\\Downloads\\shofixfinal\\framework-4.4.8\\app\\Views\\Home\\index.php')
 3 SYSTEMPATH\View\View.php(231): CodeIgniter\View\View->CodeIgniter\View\{closure}()
 4 SYSTEMPATH\Common.php(1178): CodeIgniter\View\View->render('Home/index.php', [], true)
 5 APPPATH\Controllers\Home.php(13): view('Home/index.php', [...])
 6 SYSTEMPATH\CodeIgniter.php(943): App\Controllers\Home->index()
 7 SYSTEMPATH\CodeIgniter.php(503): CodeIgniter\CodeIgniter->runController(Object(App\Controllers\Home))
 8 SYSTEMPATH\CodeIgniter.php(361): CodeIgniter\CodeIgniter->handleRequest(null, Object(Config\Cache), false)
 9 FCPATH\index.php(79): CodeIgniter\CodeIgniter->run()
CRITICAL - 2024-07-04 00:31:10 --> ParseError: syntax error, unexpected token ";", expecting ")"
in APPPATH\Views\Home\index.php on line 155.
 1 SYSTEMPATH\View\View.php(231): CodeIgniter\View\View->CodeIgniter\View\{closure}()
 2 SYSTEMPATH\Common.php(1178): CodeIgniter\View\View->render('Home/index.php', [], true)
 3 APPPATH\Controllers\Home.php(13): view('Home/index.php', [...])
 4 SYSTEMPATH\CodeIgniter.php(943): App\Controllers\Home->index()
 5 SYSTEMPATH\CodeIgniter.php(503): CodeIgniter\CodeIgniter->runController(Object(App\Controllers\Home))
 6 SYSTEMPATH\CodeIgniter.php(361): CodeIgniter\CodeIgniter->handleRequest(null, Object(Config\Cache), false)
 7 FCPATH\index.php(79): CodeIgniter\CodeIgniter->run()
INFO - 2024-07-04 00:53:10 --> Session: Class initialized using 'CodeIgniter\Session\Handlers\FileHandler' driver.
INFO - 2024-07-04 00:53:50 --> Session: Class initialized using 'CodeIgniter\Session\Handlers\FileHandler' driver.
INFO - 2024-07-04 00:55:44 --> Session: Class initialized using 'CodeIgniter\Session\Handlers\FileHandler' driver.
INFO - 2024-07-04 00:56:16 --> Session: Class initialized using 'CodeIgniter\Session\Handlers\FileHandler' driver.
INFO - 2024-07-04 00:56:16 --> Session: Class initialized using 'CodeIgniter\Session\Handlers\FileHandler' driver.
INFO - 2024-07-04 00:56:35 --> Session: Class initialized using 'CodeIgniter\Session\Handlers\FileHandler' driver.
INFO - 2024-07-04 01:52:17 --> Session: Class initialized using 'CodeIgniter\Session\Handlers\FileHandler' driver.
INFO - 2024-07-04 01:53:16 --> Session: Class initialized using 'CodeIgniter\Session\Handlers\FileHandler' driver.
INFO - 2024-07-04 02:16:01 --> Session: Class initialized using 'CodeIgniter\Session\Handlers\FileHandler' driver.
INFO - 2024-07-04 02:16:18 --> Session: Class initialized using 'CodeIgniter\Session\Handlers\FileHandler' driver.
INFO - 2024-07-04 02:21:43 --> Session: Class initialized using 'CodeIgniter\Session\Handlers\FileHandler' driver.
INFO - 2024-07-04 02:23:47 --> Session: Class initialized using 'CodeIgniter\Session\Handlers\FileHandler' driver.
INFO - 2024-07-04 02:26:14 --> Session: Class initialized using 'CodeIgniter\Session\Handlers\FileHandler' driver.
INFO - 2024-07-04 02:26:24 --> Session: Class initialized using 'CodeIgniter\Session\Handlers\FileHandler' driver.
INFO - 2024-07-04 02:27:08 --> Session: Class initialized using 'CodeIgniter\Session\Handlers\FileHandler' driver.
INFO - 2024-07-04 02:27:43 --> Session: Class initialized using 'CodeIgniter\Session\Handlers\FileHandler' driver.
INFO - 2024-07-04 02:28:17 --> Session: Class initialized using 'CodeIgniter\Session\Handlers\FileHandler' driver.
INFO - 2024-07-04 02:28:22 --> Session: Class initialized using 'CodeIgniter\Session\Handlers\FileHandler' driver.
CRITICAL - 2024-07-04 03:02:06 --> ParseError: Unclosed '{' on line 8
in APPPATH\Controllers\Home.php on line 32.
 1 SYSTEMPATH\Autoloader\Autoloader.php(290): CodeIgniter\Autoloader\Autoloader->includeFile('C:\\Users\\marclain\\Downloads\\shofixfinal\\framework-4.4.8\\app\\Controllers\\Home.php')
 2 SYSTEMPATH\Autoloader\Autoloader.php(266): CodeIgniter\Autoloader\Autoloader->loadInNamespace('App\\Controllers\\Home')
 3 [internal function]: CodeIgniter\Autoloader\Autoloader->loadClass('App\\Controllers\\Home')
 4 SYSTEMPATH\CodeIgniter.php(901): class_exists('\\App\\Controllers\\Home', true)
 5 SYSTEMPATH\CodeIgniter.php(490): CodeIgniter\CodeIgniter->startController()
 6 SYSTEMPATH\CodeIgniter.php(361): CodeIgniter\CodeIgniter->handleRequest(null, Object(Config\Cache), false)
 7 FCPATH\index.php(79): CodeIgniter\CodeIgniter->run()
CRITICAL - 2024-07-04 03:10:31 --> ParseError: syntax error, unexpected single-quoted string "ProductID", expecting "]"
in APPPATH\Controllers\Home.php on line 22.
 1 SYSTEMPATH\Autoloader\Autoloader.php(290): CodeIgniter\Autoloader\Autoloader->includeFile('C:\\Users\\marclain\\Downloads\\shofixfinal\\framework-4.4.8\\app\\Controllers\\Home.php')
 2 SYSTEMPATH\Autoloader\Autoloader.php(266): CodeIgniter\Autoloader\Autoloader->loadInNamespace('App\\Controllers\\Home')
 3 [internal function]: CodeIgniter\Autoloader\Autoloader->loadClass('App\\Controllers\\Home')
 4 SYSTEMPATH\CodeIgniter.php(901): class_exists('\\App\\Controllers\\Home', true)
 5 SYSTEMPATH\CodeIgniter.php(490): CodeIgniter\CodeIgniter->startController()
 6 SYSTEMPATH\CodeIgniter.php(361): CodeIgniter\CodeIgniter->handleRequest(null, Object(Config\Cache), false)
 7 FCPATH\index.php(79): CodeIgniter\CodeIgniter->run()
CRITICAL - 2024-07-04 04:04:20 --> ErrorException: Undefined array key "OrdersID"
in APPPATH\Views\Home\index.php on line 157.
 1 APPPATH\Views\Home\index.php(157): CodeIgniter\Debug\Exceptions->errorHandler(2, 'Undefined array key "OrdersID"', 'C:\\Users\\marclain\\Downloads\\shofixfinal\\framework-4.4.8\\app\\Views\\Home\\index.php', 157)
 2 SYSTEMPATH\View\View.php(228): include('C:\\Users\\marclain\\Downloads\\shofixfinal\\framework-4.4.8\\app\\Views\\Home\\index.php')
 3 SYSTEMPATH\View\View.php(231): CodeIgniter\View\View->CodeIgniter\View\{closure}()
 4 SYSTEMPATH\Common.php(1178): CodeIgniter\View\View->render('Home/index.php', [], true)
 5 APPPATH\Controllers\Home.php(15): view('Home/index.php', [...])
 6 SYSTEMPATH\CodeIgniter.php(943): App\Controllers\Home->index()
 7 SYSTEMPATH\CodeIgniter.php(503): CodeIgniter\CodeIgniter->runController(Object(App\Controllers\Home))
 8 SYSTEMPATH\CodeIgniter.php(361): CodeIgniter\CodeIgniter->handleRequest(null, Object(Config\Cache), false)
 9 FCPATH\index.php(79): CodeIgniter\CodeIgniter->run()
CRITICAL - 2024-07-04 04:09:38 --> Error: Cannot use object of type App\Models\ProductModel as array
in APPPATH\Controllers\Home.php on line 23.
 1 SYSTEMPATH\CodeIgniter.php(943): App\Controllers\Home->add()
 2 SYSTEMPATH\CodeIgniter.php(503): CodeIgniter\CodeIgniter->runController(Object(App\Controllers\Home))
 3 SYSTEMPATH\CodeIgniter.php(361): CodeIgniter\CodeIgniter->handleRequest(null, Object(Config\Cache), false)
 4 FCPATH\index.php(79): CodeIgniter\CodeIgniter->run()
ERROR - 2024-07-04 04:15:46 --> mysqli_sql_exception: Column 'Price' cannot be null in C:\Users\marclain\Downloads\shofixfinal\framework-4.4.8\system\Database\MySQLi\Connection.php:306
Stack trace:
#0 C:\Users\marclain\Downloads\shofixfinal\framework-4.4.8\system\Database\MySQLi\Connection.php(306): mysqli->query('INSERT INTO `or...', 0)
#1 C:\Users\marclain\Downloads\shofixfinal\framework-4.4.8\system\Database\BaseConnection.php(693): CodeIgniter\Database\MySQLi\Connection->execute('INSERT INTO `or...')
#2 C:\Users\marclain\Downloads\shofixfinal\framework-4.4.8\system\Database\BaseConnection.php(607): CodeIgniter\Database\BaseConnection->simpleQuery('INSERT INTO `or...')
#3 C:\Users\marclain\Downloads\shofixfinal\framework-4.4.8\system\Database\BaseBuilder.php(2307): CodeIgniter\Database\BaseConnection->query('INSERT INTO `or...', Array, false)
#4 C:\Users\marclain\Downloads\shofixfinal\framework-4.4.8\system\Model.php(327): CodeIgniter\Database\BaseBuilder->insert()
#5 C:\Users\marclain\Downloads\shofixfinal\framework-4.4.8\system\BaseModel.php(805): CodeIgniter\Model->doInsert(Array)
#6 C:\Users\marclain\Downloads\shofixfinal\framework-4.4.8\system\Model.php(749): CodeIgniter\BaseModel->insert(Array, false)
#7 C:\Users\marclain\Downloads\shofixfinal\framework-4.4.8\system\BaseModel.php(716): CodeIgniter\Model->insert(Array, false)
#8 C:\Users\marclain\Downloads\shofixfinal\framework-4.4.8\app\Controllers\Home.php(28): CodeIgniter\BaseModel->save(Array)
#9 C:\Users\marclain\Downloads\shofixfinal\framework-4.4.8\system\CodeIgniter.php(943): App\Controllers\Home->add()
#10 C:\Users\marclain\Downloads\shofixfinal\framework-4.4.8\system\CodeIgniter.php(503): CodeIgniter\CodeIgniter->runController(Object(App\Controllers\Home))
#11 C:\Users\marclain\Downloads\shofixfinal\framework-4.4.8\system\CodeIgniter.php(361): CodeIgniter\CodeIgniter->handleRequest(NULL, Object(Config\Cache), false)
#12 C:\Users\marclain\Downloads\shofixfinal\framework-4.4.8\public\index.php(79): CodeIgniter\CodeIgniter->run()
#13 {main}
CRITICAL - 2024-07-04 04:15:46 --> CodeIgniter\Database\Exceptions\DatabaseException: Column 'Price' cannot be null
in SYSTEMPATH\Database\BaseConnection.php on line 647.
 1 SYSTEMPATH\Database\BaseBuilder.php(2307): CodeIgniter\Database\BaseConnection->query('INSERT INTO `orders` (`OrderDate`, `Price`, `Status`) VALUES (:OrderDate:, :Price:, :Status:)', [...], false)
 2 SYSTEMPATH\Model.php(327): CodeIgniter\Database\BaseBuilder->insert()
 3 SYSTEMPATH\BaseModel.php(805): CodeIgniter\Model->doInsert([...])
 4 SYSTEMPATH\Model.php(749): CodeIgniter\BaseModel->insert([...], false)
 5 SYSTEMPATH\BaseModel.php(716): CodeIgniter\Model->insert([...], false)
 6 APPPATH\Controllers\Home.php(28): CodeIgniter\BaseModel->save([...])
 7 SYSTEMPATH\CodeIgniter.php(943): App\Controllers\Home->add()
 8 SYSTEMPATH\CodeIgniter.php(503): CodeIgniter\CodeIgniter->runController(Object(App\Controllers\Home))
 9 SYSTEMPATH\CodeIgniter.php(361): CodeIgniter\CodeIgniter->handleRequest(null, Object(Config\Cache), false)
10 FCPATH\index.php(79): CodeIgniter\CodeIgniter->run()
CRITICAL - 2024-07-04 04:15:46 --> [Caused by] CodeIgniter\Database\Exceptions\DatabaseException: Column 'Price' cannot be null
in SYSTEMPATH\Database\MySQLi\Connection.php on line 311.
 1 SYSTEMPATH\Database\BaseConnection.php(693): CodeIgniter\Database\MySQLi\Connection->execute('INSERT INTO `orders` (`OrderDate`, `Price`, `Status`) VALUES (\'2024-07-04 04:15:46\', NULL, NULL)')
 2 SYSTEMPATH\Database\BaseConnection.php(607): CodeIgniter\Database\BaseConnection->simpleQuery('INSERT INTO `orders` (`OrderDate`, `Price`, `Status`) VALUES (\'2024-07-04 04:15:46\', NULL, NULL)')
 3 SYSTEMPATH\Database\BaseBuilder.php(2307): CodeIgniter\Database\BaseConnection->query('INSERT INTO `orders` (`OrderDate`, `Price`, `Status`) VALUES (:OrderDate:, :Price:, :Status:)', [...], false)
 4 SYSTEMPATH\Model.php(327): CodeIgniter\Database\BaseBuilder->insert()
 5 SYSTEMPATH\BaseModel.php(805): CodeIgniter\Model->doInsert([...])
 6 SYSTEMPATH\Model.php(749): CodeIgniter\BaseModel->insert([...], false)
 7 SYSTEMPATH\BaseModel.php(716): CodeIgniter\Model->insert([...], false)
 8 APPPATH\Controllers\Home.php(28): CodeIgniter\BaseModel->save([...])
 9 SYSTEMPATH\CodeIgniter.php(943): App\Controllers\Home->add()
10 SYSTEMPATH\CodeIgniter.php(503): CodeIgniter\CodeIgniter->runController(Object(App\Controllers\Home))
11 SYSTEMPATH\CodeIgniter.php(361): CodeIgniter\CodeIgniter->handleRequest(null, Object(Config\Cache), false)
12 FCPATH\index.php(79): CodeIgniter\CodeIgniter->run()
CRITICAL - 2024-07-04 04:15:46 --> [Caused by] mysqli_sql_exception: Column 'Price' cannot be null
in SYSTEMPATH\Database\MySQLi\Connection.php on line 306.
 1 SYSTEMPATH\Database\MySQLi\Connection.php(306): mysqli->query('INSERT INTO `orders` (`OrderDate`, `Price`, `Status`) VALUES (\'2024-07-04 04:15:46\', NULL, NULL)', 0)
 2 SYSTEMPATH\Database\BaseConnection.php(693): CodeIgniter\Database\MySQLi\Connection->execute('INSERT INTO `orders` (`OrderDate`, `Price`, `Status`) VALUES (\'2024-07-04 04:15:46\', NULL, NULL)')
 3 SYSTEMPATH\Database\BaseConnection.php(607): CodeIgniter\Database\BaseConnection->simpleQuery('INSERT INTO `orders` (`OrderDate`, `Price`, `Status`) VALUES (\'2024-07-04 04:15:46\', NULL, NULL)')
 4 SYSTEMPATH\Database\BaseBuilder.php(2307): CodeIgniter\Database\BaseConnection->query('INSERT INTO `orders` (`OrderDate`, `Price`, `Status`) VALUES (:OrderDate:, :Price:, :Status:)', [...], false)
 5 SYSTEMPATH\Model.php(327): CodeIgniter\Database\BaseBuilder->insert()
 6 SYSTEMPATH\BaseModel.php(805): CodeIgniter\Model->doInsert([...])
 7 SYSTEMPATH\Model.php(749): CodeIgniter\BaseModel->insert([...], false)
 8 SYSTEMPATH\BaseModel.php(716): CodeIgniter\Model->insert([...], false)
 9 APPPATH\Controllers\Home.php(28): CodeIgniter\BaseModel->save([...])
10 SYSTEMPATH\CodeIgniter.php(943): App\Controllers\Home->add()
11 SYSTEMPATH\CodeIgniter.php(503): CodeIgniter\CodeIgniter->runController(Object(App\Controllers\Home))
12 SYSTEMPATH\CodeIgniter.php(361): CodeIgniter\CodeIgniter->handleRequest(null, Object(Config\Cache), false)
13 FCPATH\index.php(79): CodeIgniter\CodeIgniter->run()
ERROR - 2024-07-04 04:16:14 --> mysqli_sql_exception: Column 'Price' cannot be null in C:\Users\marclain\Downloads\shofixfinal\framework-4.4.8\system\Database\MySQLi\Connection.php:306
Stack trace:
#0 C:\Users\marclain\Downloads\shofixfinal\framework-4.4.8\system\Database\MySQLi\Connection.php(306): mysqli->query('INSERT INTO `or...', 0)
#1 C:\Users\marclain\Downloads\shofixfinal\framework-4.4.8\system\Database\BaseConnection.php(693): CodeIgniter\Database\MySQLi\Connection->execute('INSERT INTO `or...')
#2 C:\Users\marclain\Downloads\shofixfinal\framework-4.4.8\system\Database\BaseConnection.php(607): CodeIgniter\Database\BaseConnection->simpleQuery('INSERT INTO `or...')
#3 C:\Users\marclain\Downloads\shofixfinal\framework-4.4.8\system\Database\BaseBuilder.php(2307): CodeIgniter\Database\BaseConnection->query('INSERT INTO `or...', Array, false)
#4 C:\Users\marclain\Downloads\shofixfinal\framework-4.4.8\system\Model.php(327): CodeIgniter\Database\BaseBuilder->insert()
#5 C:\Users\marclain\Downloads\shofixfinal\framework-4.4.8\system\BaseModel.php(805): CodeIgniter\Model->doInsert(Array)
#6 C:\Users\marclain\Downloads\shofixfinal\framework-4.4.8\system\Model.php(749): CodeIgniter\BaseModel->insert(Array, false)
#7 C:\Users\marclain\Downloads\shofixfinal\framework-4.4.8\system\BaseModel.php(716): CodeIgniter\Model->insert(Array, false)
#8 C:\Users\marclain\Downloads\shofixfinal\framework-4.4.8\app\Controllers\Home.php(28): CodeIgniter\BaseModel->save(Array)
#9 C:\Users\marclain\Downloads\shofixfinal\framework-4.4.8\system\CodeIgniter.php(943): App\Controllers\Home->add()
#10 C:\Users\marclain\Downloads\shofixfinal\framework-4.4.8\system\CodeIgniter.php(503): CodeIgniter\CodeIgniter->runController(Object(App\Controllers\Home))
#11 C:\Users\marclain\Downloads\shofixfinal\framework-4.4.8\system\CodeIgniter.php(361): CodeIgniter\CodeIgniter->handleRequest(NULL, Object(Config\Cache), false)
#12 C:\Users\marclain\Downloads\shofixfinal\framework-4.4.8\public\index.php(79): CodeIgniter\CodeIgniter->run()
#13 {main}
CRITICAL - 2024-07-04 04:16:14 --> CodeIgniter\Database\Exceptions\DatabaseException: Column 'Price' cannot be null
in SYSTEMPATH\Database\BaseConnection.php on line 647.
 1 SYSTEMPATH\Database\BaseBuilder.php(2307): CodeIgniter\Database\BaseConnection->query('INSERT INTO `orders` (`OrderDate`, `Price`, `Status`) VALUES (:OrderDate:, :Price:, :Status:)', [...], false)
 2 SYSTEMPATH\Model.php(327): CodeIgniter\Database\BaseBuilder->insert()
 3 SYSTEMPATH\BaseModel.php(805): CodeIgniter\Model->doInsert([...])
 4 SYSTEMPATH\Model.php(749): CodeIgniter\BaseModel->insert([...], false)
 5 SYSTEMPATH\BaseModel.php(716): CodeIgniter\Model->insert([...], false)
 6 APPPATH\Controllers\Home.php(28): CodeIgniter\BaseModel->save([...])
 7 SYSTEMPATH\CodeIgniter.php(943): App\Controllers\Home->add()
 8 SYSTEMPATH\CodeIgniter.php(503): CodeIgniter\CodeIgniter->runController(Object(App\Controllers\Home))
 9 SYSTEMPATH\CodeIgniter.php(361): CodeIgniter\CodeIgniter->handleRequest(null, Object(Config\Cache), false)
10 FCPATH\index.php(79): CodeIgniter\CodeIgniter->run()
CRITICAL - 2024-07-04 04:16:14 --> [Caused by] CodeIgniter\Database\Exceptions\DatabaseException: Column 'Price' cannot be null
in SYSTEMPATH\Database\MySQLi\Connection.php on line 311.
 1 SYSTEMPATH\Database\BaseConnection.php(693): CodeIgniter\Database\MySQLi\Connection->execute('INSERT INTO `orders` (`OrderDate`, `Price`, `Status`) VALUES (\'2024-07-04 04:16:14\', NULL, NULL)')
 2 SYSTEMPATH\Database\BaseConnection.php(607): CodeIgniter\Database\BaseConnection->simpleQuery('INSERT INTO `orders` (`OrderDate`, `Price`, `Status`) VALUES (\'2024-07-04 04:16:14\', NULL, NULL)')
 3 SYSTEMPATH\Database\BaseBuilder.php(2307): CodeIgniter\Database\BaseConnection->query('INSERT INTO `orders` (`OrderDate`, `Price`, `Status`) VALUES (:OrderDate:, :Price:, :Status:)', [...], false)
 4 SYSTEMPATH\Model.php(327): CodeIgniter\Database\BaseBuilder->insert()
 5 SYSTEMPATH\BaseModel.php(805): CodeIgniter\Model->doInsert([...])
 6 SYSTEMPATH\Model.php(749): CodeIgniter\BaseModel->insert([...], false)
 7 SYSTEMPATH\BaseModel.php(716): CodeIgniter\Model->insert([...], false)
 8 APPPATH\Controllers\Home.php(28): CodeIgniter\BaseModel->save([...])
 9 SYSTEMPATH\CodeIgniter.php(943): App\Controllers\Home->add()
10 SYSTEMPATH\CodeIgniter.php(503): CodeIgniter\CodeIgniter->runController(Object(App\Controllers\Home))
11 SYSTEMPATH\CodeIgniter.php(361): CodeIgniter\CodeIgniter->handleRequest(null, Object(Config\Cache), false)
12 FCPATH\index.php(79): CodeIgniter\CodeIgniter->run()
CRITICAL - 2024-07-04 04:16:14 --> [Caused by] mysqli_sql_exception: Column 'Price' cannot be null
in SYSTEMPATH\Database\MySQLi\Connection.php on line 306.
 1 SYSTEMPATH\Database\MySQLi\Connection.php(306): mysqli->query('INSERT INTO `orders` (`OrderDate`, `Price`, `Status`) VALUES (\'2024-07-04 04:16:14\', NULL, NULL)', 0)
 2 SYSTEMPATH\Database\BaseConnection.php(693): CodeIgniter\Database\MySQLi\Connection->execute('INSERT INTO `orders` (`OrderDate`, `Price`, `Status`) VALUES (\'2024-07-04 04:16:14\', NULL, NULL)')
 3 SYSTEMPATH\Database\BaseConnection.php(607): CodeIgniter\Database\BaseConnection->simpleQuery('INSERT INTO `orders` (`OrderDate`, `Price`, `Status`) VALUES (\'2024-07-04 04:16:14\', NULL, NULL)')
 4 SYSTEMPATH\Database\BaseBuilder.php(2307): CodeIgniter\Database\BaseConnection->query('INSERT INTO `orders` (`OrderDate`, `Price`, `Status`) VALUES (:OrderDate:, :Price:, :Status:)', [...], false)
 5 SYSTEMPATH\Model.php(327): CodeIgniter\Database\BaseBuilder->insert()
 6 SYSTEMPATH\BaseModel.php(805): CodeIgniter\Model->doInsert([...])
 7 SYSTEMPATH\Model.php(749): CodeIgniter\BaseModel->insert([...], false)
 8 SYSTEMPATH\BaseModel.php(716): CodeIgniter\Model->insert([...], false)
 9 APPPATH\Controllers\Home.php(28): CodeIgniter\BaseModel->save([...])
10 SYSTEMPATH\CodeIgniter.php(943): App\Controllers\Home->add()
11 SYSTEMPATH\CodeIgniter.php(503): CodeIgniter\CodeIgniter->runController(Object(App\Controllers\Home))
12 SYSTEMPATH\CodeIgniter.php(361): CodeIgniter\CodeIgniter->handleRequest(null, Object(Config\Cache), false)
13 FCPATH\index.php(79): CodeIgniter\CodeIgniter->run()
ERROR - 2024-07-04 04:16:33 --> mysqli_sql_exception: Column 'Price' cannot be null in C:\Users\marclain\Downloads\shofixfinal\framework-4.4.8\system\Database\MySQLi\Connection.php:306
Stack trace:
#0 C:\Users\marclain\Downloads\shofixfinal\framework-4.4.8\system\Database\MySQLi\Connection.php(306): mysqli->query('INSERT INTO `or...', 0)
#1 C:\Users\marclain\Downloads\shofixfinal\framework-4.4.8\system\Database\BaseConnection.php(693): CodeIgniter\Database\MySQLi\Connection->execute('INSERT INTO `or...')
#2 C:\Users\marclain\Downloads\shofixfinal\framework-4.4.8\system\Database\BaseConnection.php(607): CodeIgniter\Database\BaseConnection->simpleQuery('INSERT INTO `or...')
#3 C:\Users\marclain\Downloads\shofixfinal\framework-4.4.8\system\Database\BaseBuilder.php(2307): CodeIgniter\Database\BaseConnection->query('INSERT INTO `or...', Array, false)
#4 C:\Users\marclain\Downloads\shofixfinal\framework-4.4.8\system\Model.php(327): CodeIgniter\Database\BaseBuilder->insert()
#5 C:\Users\marclain\Downloads\shofixfinal\framework-4.4.8\system\BaseModel.php(805): CodeIgniter\Model->doInsert(Array)
#6 C:\Users\marclain\Downloads\shofixfinal\framework-4.4.8\system\Model.php(749): CodeIgniter\BaseModel->insert(Array, false)
#7 C:\Users\marclain\Downloads\shofixfinal\framework-4.4.8\system\BaseModel.php(716): CodeIgniter\Model->insert(Array, false)
#8 C:\Users\marclain\Downloads\shofixfinal\framework-4.4.8\app\Controllers\Home.php(28): CodeIgniter\BaseModel->save(Array)
#9 C:\Users\marclain\Downloads\shofixfinal\framework-4.4.8\system\CodeIgniter.php(943): App\Controllers\Home->add()
#10 C:\Users\marclain\Downloads\shofixfinal\framework-4.4.8\system\CodeIgniter.php(503): CodeIgniter\CodeIgniter->runController(Object(App\Controllers\Home))
#11 C:\Users\marclain\Downloads\shofixfinal\framework-4.4.8\system\CodeIgniter.php(361): CodeIgniter\CodeIgniter->handleRequest(NULL, Object(Config\Cache), false)
#12 C:\Users\marclain\Downloads\shofixfinal\framework-4.4.8\public\index.php(79): CodeIgniter\CodeIgniter->run()
#13 {main}
CRITICAL - 2024-07-04 04:16:33 --> CodeIgniter\Database\Exceptions\DatabaseException: Column 'Price' cannot be null
in SYSTEMPATH\Database\BaseConnection.php on line 647.
 1 SYSTEMPATH\Database\BaseBuilder.php(2307): CodeIgniter\Database\BaseConnection->query('INSERT INTO `orders` (`OrderDate`, `Price`, `Status`) VALUES (:OrderDate:, :Price:, :Status:)', [...], false)
 2 SYSTEMPATH\Model.php(327): CodeIgniter\Database\BaseBuilder->insert()
 3 SYSTEMPATH\BaseModel.php(805): CodeIgniter\Model->doInsert([...])
 4 SYSTEMPATH\Model.php(749): CodeIgniter\BaseModel->insert([...], false)
 5 SYSTEMPATH\BaseModel.php(716): CodeIgniter\Model->insert([...], false)
 6 APPPATH\Controllers\Home.php(28): CodeIgniter\BaseModel->save([...])
 7 SYSTEMPATH\CodeIgniter.php(943): App\Controllers\Home->add()
 8 SYSTEMPATH\CodeIgniter.php(503): CodeIgniter\CodeIgniter->runController(Object(App\Controllers\Home))
 9 SYSTEMPATH\CodeIgniter.php(361): CodeIgniter\CodeIgniter->handleRequest(null, Object(Config\Cache), false)
10 FCPATH\index.php(79): CodeIgniter\CodeIgniter->run()
CRITICAL - 2024-07-04 04:16:33 --> [Caused by] CodeIgniter\Database\Exceptions\DatabaseException: Column 'Price' cannot be null
in SYSTEMPATH\Database\MySQLi\Connection.php on line 311.
 1 SYSTEMPATH\Database\BaseConnection.php(693): CodeIgniter\Database\MySQLi\Connection->execute('INSERT INTO `orders` (`OrderDate`, `Price`, `Status`) VALUES (\'2024-07-04 04:16:33\', NULL, NULL)')
 2 SYSTEMPATH\Database\BaseConnection.php(607): CodeIgniter\Database\BaseConnection->simpleQuery('INSERT INTO `orders` (`OrderDate`, `Price`, `Status`) VALUES (\'2024-07-04 04:16:33\', NULL, NULL)')
 3 SYSTEMPATH\Database\BaseBuilder.php(2307): CodeIgniter\Database\BaseConnection->query('INSERT INTO `orders` (`OrderDate`, `Price`, `Status`) VALUES (:OrderDate:, :Price:, :Status:)', [...], false)
 4 SYSTEMPATH\Model.php(327): CodeIgniter\Database\BaseBuilder->insert()
 5 SYSTEMPATH\BaseModel.php(805): CodeIgniter\Model->doInsert([...])
 6 SYSTEMPATH\Model.php(749): CodeIgniter\BaseModel->insert([...], false)
 7 SYSTEMPATH\BaseModel.php(716): CodeIgniter\Model->insert([...], false)
 8 APPPATH\Controllers\Home.php(28): CodeIgniter\BaseModel->save([...])
 9 SYSTEMPATH\CodeIgniter.php(943): App\Controllers\Home->add()
10 SYSTEMPATH\CodeIgniter.php(503): CodeIgniter\CodeIgniter->runController(Object(App\Controllers\Home))
11 SYSTEMPATH\CodeIgniter.php(361): CodeIgniter\CodeIgniter->handleRequest(null, Object(Config\Cache), false)
12 FCPATH\index.php(79): CodeIgniter\CodeIgniter->run()
CRITICAL - 2024-07-04 04:16:33 --> [Caused by] mysqli_sql_exception: Column 'Price' cannot be null
in SYSTEMPATH\Database\MySQLi\Connection.php on line 306.
 1 SYSTEMPATH\Database\MySQLi\Connection.php(306): mysqli->query('INSERT INTO `orders` (`OrderDate`, `Price`, `Status`) VALUES (\'2024-07-04 04:16:33\', NULL, NULL)', 0)
 2 SYSTEMPATH\Database\BaseConnection.php(693): CodeIgniter\Database\MySQLi\Connection->execute('INSERT INTO `orders` (`OrderDate`, `Price`, `Status`) VALUES (\'2024-07-04 04:16:33\', NULL, NULL)')
 3 SYSTEMPATH\Database\BaseConnection.php(607): CodeIgniter\Database\BaseConnection->simpleQuery('INSERT INTO `orders` (`OrderDate`, `Price`, `Status`) VALUES (\'2024-07-04 04:16:33\', NULL, NULL)')
 4 SYSTEMPATH\Database\BaseBuilder.php(2307): CodeIgniter\Database\BaseConnection->query('INSERT INTO `orders` (`OrderDate`, `Price`, `Status`) VALUES (:OrderDate:, :Price:, :Status:)', [...], false)
 5 SYSTEMPATH\Model.php(327): CodeIgniter\Database\BaseBuilder->insert()
 6 SYSTEMPATH\BaseModel.php(805): CodeIgniter\Model->doInsert([...])
 7 SYSTEMPATH\Model.php(749): CodeIgniter\BaseModel->insert([...], false)
 8 SYSTEMPATH\BaseModel.php(716): CodeIgniter\Model->insert([...], false)
 9 APPPATH\Controllers\Home.php(28): CodeIgniter\BaseModel->save([...])
10 SYSTEMPATH\CodeIgniter.php(943): App\Controllers\Home->add()
11 SYSTEMPATH\CodeIgniter.php(503): CodeIgniter\CodeIgniter->runController(Object(App\Controllers\Home))
12 SYSTEMPATH\CodeIgniter.php(361): CodeIgniter\CodeIgniter->handleRequest(null, Object(Config\Cache), false)
13 FCPATH\index.php(79): CodeIgniter\CodeIgniter->run()
ERROR - 2024-07-04 04:17:40 --> mysqli_sql_exception: Column 'Price' cannot be null in C:\Users\marclain\Downloads\shofixfinal\framework-4.4.8\system\Database\MySQLi\Connection.php:306
Stack trace:
#0 C:\Users\marclain\Downloads\shofixfinal\framework-4.4.8\system\Database\MySQLi\Connection.php(306): mysqli->query('INSERT INTO `or...', 0)
#1 C:\Users\marclain\Downloads\shofixfinal\framework-4.4.8\system\Database\BaseConnection.php(693): CodeIgniter\Database\MySQLi\Connection->execute('INSERT INTO `or...')
#2 C:\Users\marclain\Downloads\shofixfinal\framework-4.4.8\system\Database\BaseConnection.php(607): CodeIgniter\Database\BaseConnection->simpleQuery('INSERT INTO `or...')
#3 C:\Users\marclain\Downloads\shofixfinal\framework-4.4.8\system\Database\BaseBuilder.php(2307): CodeIgniter\Database\BaseConnection->query('INSERT INTO `or...', Array, false)
#4 C:\Users\marclain\Downloads\shofixfinal\framework-4.4.8\system\Model.php(327): CodeIgniter\Database\BaseBuilder->insert()
#5 C:\Users\marclain\Downloads\shofixfinal\framework-4.4.8\system\BaseModel.php(805): CodeIgniter\Model->doInsert(Array)
#6 C:\Users\marclain\Downloads\shofixfinal\framework-4.4.8\system\Model.php(749): CodeIgniter\BaseModel->insert(Array, false)
#7 C:\Users\marclain\Downloads\shofixfinal\framework-4.4.8\system\BaseModel.php(716): CodeIgniter\Model->insert(Array, false)
#8 C:\Users\marclain\Downloads\shofixfinal\framework-4.4.8\app\Controllers\Home.php(28): CodeIgniter\BaseModel->save(Array)
#9 C:\Users\marclain\Downloads\shofixfinal\framework-4.4.8\system\CodeIgniter.php(943): App\Controllers\Home->add()
#10 C:\Users\marclain\Downloads\shofixfinal\framework-4.4.8\system\CodeIgniter.php(503): CodeIgniter\CodeIgniter->runController(Object(App\Controllers\Home))
#11 C:\Users\marclain\Downloads\shofixfinal\framework-4.4.8\system\CodeIgniter.php(361): CodeIgniter\CodeIgniter->handleRequest(NULL, Object(Config\Cache), false)
#12 C:\Users\marclain\Downloads\shofixfinal\framework-4.4.8\public\index.php(79): CodeIgniter\CodeIgniter->run()
#13 {main}
CRITICAL - 2024-07-04 04:17:40 --> CodeIgniter\Database\Exceptions\DatabaseException: Column 'Price' cannot be null
in SYSTEMPATH\Database\BaseConnection.php on line 647.
 1 SYSTEMPATH\Database\BaseBuilder.php(2307): CodeIgniter\Database\BaseConnection->query('INSERT INTO `orders` (`OrderDate`, `Price`, `Status`) VALUES (:OrderDate:, :Price:, :Status:)', [...], false)
 2 SYSTEMPATH\Model.php(327): CodeIgniter\Database\BaseBuilder->insert()
 3 SYSTEMPATH\BaseModel.php(805): CodeIgniter\Model->doInsert([...])
 4 SYSTEMPATH\Model.php(749): CodeIgniter\BaseModel->insert([...], false)
 5 SYSTEMPATH\BaseModel.php(716): CodeIgniter\Model->insert([...], false)
 6 APPPATH\Controllers\Home.php(28): CodeIgniter\BaseModel->save([...])
 7 SYSTEMPATH\CodeIgniter.php(943): App\Controllers\Home->add()
 8 SYSTEMPATH\CodeIgniter.php(503): CodeIgniter\CodeIgniter->runController(Object(App\Controllers\Home))
 9 SYSTEMPATH\CodeIgniter.php(361): CodeIgniter\CodeIgniter->handleRequest(null, Object(Config\Cache), false)
10 FCPATH\index.php(79): CodeIgniter\CodeIgniter->run()
CRITICAL - 2024-07-04 04:17:40 --> [Caused by] CodeIgniter\Database\Exceptions\DatabaseException: Column 'Price' cannot be null
in SYSTEMPATH\Database\MySQLi\Connection.php on line 311.
 1 SYSTEMPATH\Database\BaseConnection.php(693): CodeIgniter\Database\MySQLi\Connection->execute('INSERT INTO `orders` (`OrderDate`, `Price`, `Status`) VALUES (\'2024-07-04 04:17:40\', NULL, NULL)')
 2 SYSTEMPATH\Database\BaseConnection.php(607): CodeIgniter\Database\BaseConnection->simpleQuery('INSERT INTO `orders` (`OrderDate`, `Price`, `Status`) VALUES (\'2024-07-04 04:17:40\', NULL, NULL)')
 3 SYSTEMPATH\Database\BaseBuilder.php(2307): CodeIgniter\Database\BaseConnection->query('INSERT INTO `orders` (`OrderDate`, `Price`, `Status`) VALUES (:OrderDate:, :Price:, :Status:)', [...], false)
 4 SYSTEMPATH\Model.php(327): CodeIgniter\Database\BaseBuilder->insert()
 5 SYSTEMPATH\BaseModel.php(805): CodeIgniter\Model->doInsert([...])
 6 SYSTEMPATH\Model.php(749): CodeIgniter\BaseModel->insert([...], false)
 7 SYSTEMPATH\BaseModel.php(716): CodeIgniter\Model->insert([...], false)
 8 APPPATH\Controllers\Home.php(28): CodeIgniter\BaseModel->save([...])
 9 SYSTEMPATH\CodeIgniter.php(943): App\Controllers\Home->add()
10 SYSTEMPATH\CodeIgniter.php(503): CodeIgniter\CodeIgniter->runController(Object(App\Controllers\Home))
11 SYSTEMPATH\CodeIgniter.php(361): CodeIgniter\CodeIgniter->handleRequest(null, Object(Config\Cache), false)
12 FCPATH\index.php(79): CodeIgniter\CodeIgniter->run()
CRITICAL - 2024-07-04 04:17:40 --> [Caused by] mysqli_sql_exception: Column 'Price' cannot be null
in SYSTEMPATH\Database\MySQLi\Connection.php on line 306.
 1 SYSTEMPATH\Database\MySQLi\Connection.php(306): mysqli->query('INSERT INTO `orders` (`OrderDate`, `Price`, `Status`) VALUES (\'2024-07-04 04:17:40\', NULL, NULL)', 0)
 2 SYSTEMPATH\Database\BaseConnection.php(693): CodeIgniter\Database\MySQLi\Connection->execute('INSERT INTO `orders` (`OrderDate`, `Price`, `Status`) VALUES (\'2024-07-04 04:17:40\', NULL, NULL)')
 3 SYSTEMPATH\Database\BaseConnection.php(607): CodeIgniter\Database\BaseConnection->simpleQuery('INSERT INTO `orders` (`OrderDate`, `Price`, `Status`) VALUES (\'2024-07-04 04:17:40\', NULL, NULL)')
 4 SYSTEMPATH\Database\BaseBuilder.php(2307): CodeIgniter\Database\BaseConnection->query('INSERT INTO `orders` (`OrderDate`, `Price`, `Status`) VALUES (:OrderDate:, :Price:, :Status:)', [...], false)
 5 SYSTEMPATH\Model.php(327): CodeIgniter\Database\BaseBuilder->insert()
 6 SYSTEMPATH\BaseModel.php(805): CodeIgniter\Model->doInsert([...])
 7 SYSTEMPATH\Model.php(749): CodeIgniter\BaseModel->insert([...], false)
 8 SYSTEMPATH\BaseModel.php(716): CodeIgniter\Model->insert([...], false)
 9 APPPATH\Controllers\Home.php(28): CodeIgniter\BaseModel->save([...])
10 SYSTEMPATH\CodeIgniter.php(943): App\Controllers\Home->add()
11 SYSTEMPATH\CodeIgniter.php(503): CodeIgniter\CodeIgniter->runController(Object(App\Controllers\Home))
12 SYSTEMPATH\CodeIgniter.php(361): CodeIgniter\CodeIgniter->handleRequest(null, Object(Config\Cache), false)
13 FCPATH\index.php(79): CodeIgniter\CodeIgniter->run()
ERROR - 2024-07-04 04:17:44 --> mysqli_sql_exception: Column 'Price' cannot be null in C:\Users\marclain\Downloads\shofixfinal\framework-4.4.8\system\Database\MySQLi\Connection.php:306
Stack trace:
#0 C:\Users\marclain\Downloads\shofixfinal\framework-4.4.8\system\Database\MySQLi\Connection.php(306): mysqli->query('INSERT INTO `or...', 0)
#1 C:\Users\marclain\Downloads\shofixfinal\framework-4.4.8\system\Database\BaseConnection.php(693): CodeIgniter\Database\MySQLi\Connection->execute('INSERT INTO `or...')
#2 C:\Users\marclain\Downloads\shofixfinal\framework-4.4.8\system\Database\BaseConnection.php(607): CodeIgniter\Database\BaseConnection->simpleQuery('INSERT INTO `or...')
#3 C:\Users\marclain\Downloads\shofixfinal\framework-4.4.8\system\Database\BaseBuilder.php(2307): CodeIgniter\Database\BaseConnection->query('INSERT INTO `or...', Array, false)
#4 C:\Users\marclain\Downloads\shofixfinal\framework-4.4.8\system\Model.php(327): CodeIgniter\Database\BaseBuilder->insert()
#5 C:\Users\marclain\Downloads\shofixfinal\framework-4.4.8\system\BaseModel.php(805): CodeIgniter\Model->doInsert(Array)
#6 C:\Users\marclain\Downloads\shofixfinal\framework-4.4.8\system\Model.php(749): CodeIgniter\BaseModel->insert(Array, false)
#7 C:\Users\marclain\Downloads\shofixfinal\framework-4.4.8\system\BaseModel.php(716): CodeIgniter\Model->insert(Array, false)
#8 C:\Users\marclain\Downloads\shofixfinal\framework-4.4.8\app\Controllers\Home.php(28): CodeIgniter\BaseModel->save(Array)
#9 C:\Users\marclain\Downloads\shofixfinal\framework-4.4.8\system\CodeIgniter.php(943): App\Controllers\Home->add()
#10 C:\Users\marclain\Downloads\shofixfinal\framework-4.4.8\system\CodeIgniter.php(503): CodeIgniter\CodeIgniter->runController(Object(App\Controllers\Home))
#11 C:\Users\marclain\Downloads\shofixfinal\framework-4.4.8\system\CodeIgniter.php(361): CodeIgniter\CodeIgniter->handleRequest(NULL, Object(Config\Cache), false)
#12 C:\Users\marclain\Downloads\shofixfinal\framework-4.4.8\public\index.php(79): CodeIgniter\CodeIgniter->run()
#13 {main}
CRITICAL - 2024-07-04 04:17:44 --> CodeIgniter\Database\Exceptions\DatabaseException: Column 'Price' cannot be null
in SYSTEMPATH\Database\BaseConnection.php on line 647.
 1 SYSTEMPATH\Database\BaseBuilder.php(2307): CodeIgniter\Database\BaseConnection->query('INSERT INTO `orders` (`OrderDate`, `Price`, `Status`) VALUES (:OrderDate:, :Price:, :Status:)', [...], false)
 2 SYSTEMPATH\Model.php(327): CodeIgniter\Database\BaseBuilder->insert()
 3 SYSTEMPATH\BaseModel.php(805): CodeIgniter\Model->doInsert([...])
 4 SYSTEMPATH\Model.php(749): CodeIgniter\BaseModel->insert([...], false)
 5 SYSTEMPATH\BaseModel.php(716): CodeIgniter\Model->insert([...], false)
 6 APPPATH\Controllers\Home.php(28): CodeIgniter\BaseModel->save([...])
 7 SYSTEMPATH\CodeIgniter.php(943): App\Controllers\Home->add()
 8 SYSTEMPATH\CodeIgniter.php(503): CodeIgniter\CodeIgniter->runController(Object(App\Controllers\Home))
 9 SYSTEMPATH\CodeIgniter.php(361): CodeIgniter\CodeIgniter->handleRequest(null, Object(Config\Cache), false)
10 FCPATH\index.php(79): CodeIgniter\CodeIgniter->run()
CRITICAL - 2024-07-04 04:17:44 --> [Caused by] CodeIgniter\Database\Exceptions\DatabaseException: Column 'Price' cannot be null
in SYSTEMPATH\Database\MySQLi\Connection.php on line 311.
 1 SYSTEMPATH\Database\BaseConnection.php(693): CodeIgniter\Database\MySQLi\Connection->execute('INSERT INTO `orders` (`OrderDate`, `Price`, `Status`) VALUES (\'2024-07-04 04:17:44\', NULL, NULL)')
 2 SYSTEMPATH\Database\BaseConnection.php(607): CodeIgniter\Database\BaseConnection->simpleQuery('INSERT INTO `orders` (`OrderDate`, `Price`, `Status`) VALUES (\'2024-07-04 04:17:44\', NULL, NULL)')
 3 SYSTEMPATH\Database\BaseBuilder.php(2307): CodeIgniter\Database\BaseConnection->query('INSERT INTO `orders` (`OrderDate`, `Price`, `Status`) VALUES (:OrderDate:, :Price:, :Status:)', [...], false)
 4 SYSTEMPATH\Model.php(327): CodeIgniter\Database\BaseBuilder->insert()
 5 SYSTEMPATH\BaseModel.php(805): CodeIgniter\Model->doInsert([...])
 6 SYSTEMPATH\Model.php(749): CodeIgniter\BaseModel->insert([...], false)
 7 SYSTEMPATH\BaseModel.php(716): CodeIgniter\Model->insert([...], false)
 8 APPPATH\Controllers\Home.php(28): CodeIgniter\BaseModel->save([...])
 9 SYSTEMPATH\CodeIgniter.php(943): App\Controllers\Home->add()
10 SYSTEMPATH\CodeIgniter.php(503): CodeIgniter\CodeIgniter->runController(Object(App\Controllers\Home))
11 SYSTEMPATH\CodeIgniter.php(361): CodeIgniter\CodeIgniter->handleRequest(null, Object(Config\Cache), false)
12 FCPATH\index.php(79): CodeIgniter\CodeIgniter->run()
CRITICAL - 2024-07-04 04:17:44 --> [Caused by] mysqli_sql_exception: Column 'Price' cannot be null
in SYSTEMPATH\Database\MySQLi\Connection.php on line 306.
 1 SYSTEMPATH\Database\MySQLi\Connection.php(306): mysqli->query('INSERT INTO `orders` (`OrderDate`, `Price`, `Status`) VALUES (\'2024-07-04 04:17:44\', NULL, NULL)', 0)
 2 SYSTEMPATH\Database\BaseConnection.php(693): CodeIgniter\Database\MySQLi\Connection->execute('INSERT INTO `orders` (`OrderDate`, `Price`, `Status`) VALUES (\'2024-07-04 04:17:44\', NULL, NULL)')
 3 SYSTEMPATH\Database\BaseConnection.php(607): CodeIgniter\Database\BaseConnection->simpleQuery('INSERT INTO `orders` (`OrderDate`, `Price`, `Status`) VALUES (\'2024-07-04 04:17:44\', NULL, NULL)')
 4 SYSTEMPATH\Database\BaseBuilder.php(2307): CodeIgniter\Database\BaseConnection->query('INSERT INTO `orders` (`OrderDate`, `Price`, `Status`) VALUES (:OrderDate:, :Price:, :Status:)', [...], false)
 5 SYSTEMPATH\Model.php(327): CodeIgniter\Database\BaseBuilder->insert()
 6 SYSTEMPATH\BaseModel.php(805): CodeIgniter\Model->doInsert([...])
 7 SYSTEMPATH\Model.php(749): CodeIgniter\BaseModel->insert([...], false)
 8 SYSTEMPATH\BaseModel.php(716): CodeIgniter\Model->insert([...], false)
 9 APPPATH\Controllers\Home.php(28): CodeIgniter\BaseModel->save([...])
10 SYSTEMPATH\CodeIgniter.php(943): App\Controllers\Home->add()
11 SYSTEMPATH\CodeIgniter.php(503): CodeIgniter\CodeIgniter->runController(Object(App\Controllers\Home))
12 SYSTEMPATH\CodeIgniter.php(361): CodeIgniter\CodeIgniter->handleRequest(null, Object(Config\Cache), false)
13 FCPATH\index.php(79): CodeIgniter\CodeIgniter->run()
ERROR - 2024-07-04 04:20:04 --> mysqli_sql_exception: Column 'Price' cannot be null in C:\Users\marclain\Downloads\shofixfinal\framework-4.4.8\system\Database\MySQLi\Connection.php:306
Stack trace:
#0 C:\Users\marclain\Downloads\shofixfinal\framework-4.4.8\system\Database\MySQLi\Connection.php(306): mysqli->query('INSERT INTO `or...', 0)
#1 C:\Users\marclain\Downloads\shofixfinal\framework-4.4.8\system\Database\BaseConnection.php(693): CodeIgniter\Database\MySQLi\Connection->execute('INSERT INTO `or...')
#2 C:\Users\marclain\Downloads\shofixfinal\framework-4.4.8\system\Database\BaseConnection.php(607): CodeIgniter\Database\BaseConnection->simpleQuery('INSERT INTO `or...')
#3 C:\Users\marclain\Downloads\shofixfinal\framework-4.4.8\system\Database\BaseBuilder.php(2307): CodeIgniter\Database\BaseConnection->query('INSERT INTO `or...', Array, false)
#4 C:\Users\marclain\Downloads\shofixfinal\framework-4.4.8\system\Model.php(327): CodeIgniter\Database\BaseBuilder->insert()
#5 C:\Users\marclain\Downloads\shofixfinal\framework-4.4.8\system\BaseModel.php(805): CodeIgniter\Model->doInsert(Array)
#6 C:\Users\marclain\Downloads\shofixfinal\framework-4.4.8\system\Model.php(749): CodeIgniter\BaseModel->insert(Array, false)
#7 C:\Users\marclain\Downloads\shofixfinal\framework-4.4.8\system\BaseModel.php(716): CodeIgniter\Model->insert(Array, false)
#8 C:\Users\marclain\Downloads\shofixfinal\framework-4.4.8\app\Controllers\Home.php(28): CodeIgniter\BaseModel->save(Array)
#9 C:\Users\marclain\Downloads\shofixfinal\framework-4.4.8\system\CodeIgniter.php(943): App\Controllers\Home->add()
#10 C:\Users\marclain\Downloads\shofixfinal\framework-4.4.8\system\CodeIgniter.php(503): CodeIgniter\CodeIgniter->runController(Object(App\Controllers\Home))
#11 C:\Users\marclain\Downloads\shofixfinal\framework-4.4.8\system\CodeIgniter.php(361): CodeIgniter\CodeIgniter->handleRequest(NULL, Object(Config\Cache), false)
#12 C:\Users\marclain\Downloads\shofixfinal\framework-4.4.8\public\index.php(79): CodeIgniter\CodeIgniter->run()
#13 {main}
CRITICAL - 2024-07-04 04:20:04 --> CodeIgniter\Database\Exceptions\DatabaseException: Column 'Price' cannot be null
in SYSTEMPATH\Database\BaseConnection.php on line 647.
 1 SYSTEMPATH\Database\BaseBuilder.php(2307): CodeIgniter\Database\BaseConnection->query('INSERT INTO `orders` (`OrderDate`, `Price`, `Status`) VALUES (:OrderDate:, :Price:, :Status:)', [...], false)
 2 SYSTEMPATH\Model.php(327): CodeIgniter\Database\BaseBuilder->insert()
 3 SYSTEMPATH\BaseModel.php(805): CodeIgniter\Model->doInsert([...])
 4 SYSTEMPATH\Model.php(749): CodeIgniter\BaseModel->insert([...], false)
 5 SYSTEMPATH\BaseModel.php(716): CodeIgniter\Model->insert([...], false)
 6 APPPATH\Controllers\Home.php(28): CodeIgniter\BaseModel->save([...])
 7 SYSTEMPATH\CodeIgniter.php(943): App\Controllers\Home->add()
 8 SYSTEMPATH\CodeIgniter.php(503): CodeIgniter\CodeIgniter->runController(Object(App\Controllers\Home))
 9 SYSTEMPATH\CodeIgniter.php(361): CodeIgniter\CodeIgniter->handleRequest(null, Object(Config\Cache), false)
10 FCPATH\index.php(79): CodeIgniter\CodeIgniter->run()
CRITICAL - 2024-07-04 04:20:04 --> [Caused by] CodeIgniter\Database\Exceptions\DatabaseException: Column 'Price' cannot be null
in SYSTEMPATH\Database\MySQLi\Connection.php on line 311.
 1 SYSTEMPATH\Database\BaseConnection.php(693): CodeIgniter\Database\MySQLi\Connection->execute('INSERT INTO `orders` (`OrderDate`, `Price`, `Status`) VALUES (\'2024-07-04 04:20:04\', NULL, NULL)')
 2 SYSTEMPATH\Database\BaseConnection.php(607): CodeIgniter\Database\BaseConnection->simpleQuery('INSERT INTO `orders` (`OrderDate`, `Price`, `Status`) VALUES (\'2024-07-04 04:20:04\', NULL, NULL)')
 3 SYSTEMPATH\Database\BaseBuilder.php(2307): CodeIgniter\Database\BaseConnection->query('INSERT INTO `orders` (`OrderDate`, `Price`, `Status`) VALUES (:OrderDate:, :Price:, :Status:)', [...], false)
 4 SYSTEMPATH\Model.php(327): CodeIgniter\Database\BaseBuilder->insert()
 5 SYSTEMPATH\BaseModel.php(805): CodeIgniter\Model->doInsert([...])
 6 SYSTEMPATH\Model.php(749): CodeIgniter\BaseModel->insert([...], false)
 7 SYSTEMPATH\BaseModel.php(716): CodeIgniter\Model->insert([...], false)
 8 APPPATH\Controllers\Home.php(28): CodeIgniter\BaseModel->save([...])
 9 SYSTEMPATH\CodeIgniter.php(943): App\Controllers\Home->add()
10 SYSTEMPATH\CodeIgniter.php(503): CodeIgniter\CodeIgniter->runController(Object(App\Controllers\Home))
11 SYSTEMPATH\CodeIgniter.php(361): CodeIgniter\CodeIgniter->handleRequest(null, Object(Config\Cache), false)
12 FCPATH\index.php(79): CodeIgniter\CodeIgniter->run()
CRITICAL - 2024-07-04 04:20:04 --> [Caused by] mysqli_sql_exception: Column 'Price' cannot be null
in SYSTEMPATH\Database\MySQLi\Connection.php on line 306.
 1 SYSTEMPATH\Database\MySQLi\Connection.php(306): mysqli->query('INSERT INTO `orders` (`OrderDate`, `Price`, `Status`) VALUES (\'2024-07-04 04:20:04\', NULL, NULL)', 0)
 2 SYSTEMPATH\Database\BaseConnection.php(693): CodeIgniter\Database\MySQLi\Connection->execute('INSERT INTO `orders` (`OrderDate`, `Price`, `Status`) VALUES (\'2024-07-04 04:20:04\', NULL, NULL)')
 3 SYSTEMPATH\Database\BaseConnection.php(607): CodeIgniter\Database\BaseConnection->simpleQuery('INSERT INTO `orders` (`OrderDate`, `Price`, `Status`) VALUES (\'2024-07-04 04:20:04\', NULL, NULL)')
 4 SYSTEMPATH\Database\BaseBuilder.php(2307): CodeIgniter\Database\BaseConnection->query('INSERT INTO `orders` (`OrderDate`, `Price`, `Status`) VALUES (:OrderDate:, :Price:, :Status:)', [...], false)
 5 SYSTEMPATH\Model.php(327): CodeIgniter\Database\BaseBuilder->insert()
 6 SYSTEMPATH\BaseModel.php(805): CodeIgniter\Model->doInsert([...])
 7 SYSTEMPATH\Model.php(749): CodeIgniter\BaseModel->insert([...], false)
 8 SYSTEMPATH\BaseModel.php(716): CodeIgniter\Model->insert([...], false)
 9 APPPATH\Controllers\Home.php(28): CodeIgniter\BaseModel->save([...])
10 SYSTEMPATH\CodeIgniter.php(943): App\Controllers\Home->add()
11 SYSTEMPATH\CodeIgniter.php(503): CodeIgniter\CodeIgniter->runController(Object(App\Controllers\Home))
12 SYSTEMPATH\CodeIgniter.php(361): CodeIgniter\CodeIgniter->handleRequest(null, Object(Config\Cache), false)
13 FCPATH\index.php(79): CodeIgniter\CodeIgniter->run()
CRITICAL - 2024-07-04 04:21:41 --> Error: Object of class App\Models\ProductModel could not be converted to string
in APPPATH\Controllers\Home.php on line 23.
 1 SYSTEMPATH\CodeIgniter.php(943): App\Controllers\Home->add()
 2 SYSTEMPATH\CodeIgniter.php(503): CodeIgniter\CodeIgniter->runController(Object(App\Controllers\Home))
 3 SYSTEMPATH\CodeIgniter.php(361): CodeIgniter\CodeIgniter->handleRequest(null, Object(Config\Cache), false)
 4 FCPATH\index.php(79): CodeIgniter\CodeIgniter->run()
